<?xml version="1.0" encoding="UTF-8"?>
<testsuite xmlns:xsi="http://www.w3.org/2001/XMLSchema-instance" xsi:noNamespaceSchemaLocation="https://maven.apache.org/surefire/maven-surefire-plugin/xsd/surefire-test-report-3.0.xsd" version="3.0" name="ma.medtech.drools.RulesPerformanceTest" time="5.564" tests="1" errors="0" skipped="0" failures="0">
  <properties>
[...]
</properties>
  <testcase name="testEfficiency" classname="ma.medtech.drools.RulesPerformanceTest" time="5.532">
    <system-out><![CDATA[Transactions dans le mÃªme pays dÃ©tectÃ©es.
Transactions dans le mÃªme pays dÃ©tectÃ©es.
Transactions dans le mÃªme pays dÃ©tectÃ©es.
Transactions dans le mÃªme pays dÃ©tectÃ©es.
Transactions dans le mÃªme pays dÃ©tectÃ©es.
Transactions dans le mÃªme pays dÃ©tectÃ©es.
Transactions dans le mÃªme pays dÃ©tectÃ©es.
Transactions dans le mÃªme pays dÃ©tectÃ©es.
Transactions dans le mÃªme pays dÃ©tectÃ©es.
Transactions dans le mÃªme pays dÃ©tectÃ©es.
Transactions dans le mÃªme pays dÃ©tectÃ©es.
Transactions dans le mÃªme pays dÃ©tectÃ©es.
Transactions dans le mÃªme pays dÃ©tectÃ©es.
Transactions dans le mÃªme pays dÃ©tectÃ©es.
Transactions dans le mÃªme pays dÃ©tectÃ©es.
Transactions dans le mÃªme pays dÃ©tectÃ©es.
Transactions dans le mÃªme pays dÃ©tectÃ©es.
Transactions dans le mÃªme pays dÃ©tectÃ©es.
Transactions dans le mÃªme pays dÃ©tectÃ©es.
Transactions dans le mÃªme pays dÃ©tectÃ©es.
Transactions dans le mÃªme pays dÃ©tectÃ©es.
Transactions dans le mÃªme pays dÃ©tectÃ©es.
Transactions dans le mÃªme pays dÃ©tectÃ©es.
Transactions dans le mÃªme pays dÃ©tectÃ©es.
Transactions dans le mÃªme pays dÃ©tectÃ©es.
Transactions dans le mÃªme pays dÃ©tectÃ©es.
Transactions dans le mÃªme pays dÃ©tectÃ©es.
Transactions dans le mÃªme pays dÃ©tectÃ©es.
Transactions dans le mÃªme pays dÃ©tectÃ©es.
Transactions dans le mÃªme pays dÃ©tectÃ©es.
Transactions dans le mÃªme pays dÃ©tectÃ©es.
Transactions dans le mÃªme pays dÃ©tectÃ©es.
Transactions dans le mÃªme pays dÃ©tectÃ©es.
Transactions dans le mÃªme pays dÃ©tectÃ©es.
Transactions dans le mÃªme pays dÃ©tectÃ©es.
Transactions dans le mÃªme pays dÃ©tectÃ©es.
Transactions dans le mÃªme pays dÃ©tectÃ©es.
Transactions dans le mÃªme pays dÃ©tectÃ©es.
Transactions dans le mÃªme pays dÃ©tectÃ©es.
Transactions dans le mÃªme pays dÃ©tectÃ©es.
Transactions dans le mÃªme pays dÃ©tectÃ©es.
Transactions dans le mÃªme pays dÃ©tectÃ©es.
Transactions dans le mÃªme pays dÃ©tectÃ©es.
Transactions dans le mÃªme pays dÃ©tectÃ©es.
Transactions dans le mÃªme pays dÃ©tectÃ©es.
Transactions dans le mÃªme pays dÃ©tectÃ©es.
Transactions dans le mÃªme pays dÃ©tectÃ©es.
Transactions dans le mÃªme pays dÃ©tectÃ©es.
Transactions dans le mÃªme pays dÃ©tectÃ©es.
Transactions dans le mÃªme pays dÃ©tectÃ©es.
Transactions dans le mÃªme pays dÃ©tectÃ©es.
Transactions dans le mÃªme pays dÃ©tectÃ©es.
Transactions dans le mÃªme pays dÃ©tectÃ©es.
Transactions dans le mÃªme pays dÃ©tectÃ©es.
Transactions dans le mÃªme pays dÃ©tectÃ©es.
Transactions dans le mÃªme pays dÃ©tectÃ©es.
Transactions dans le mÃªme pays dÃ©tectÃ©es.
Transactions dans le mÃªme pays dÃ©tectÃ©es.
Transactions dans le mÃªme pays dÃ©tectÃ©es.
Transactions dans le mÃªme pays dÃ©tectÃ©es.
Transactions dans le mÃªme pays dÃ©tectÃ©es.
Transactions dans le mÃªme pays dÃ©tectÃ©es.
Transactions dans le mÃªme pays dÃ©tectÃ©es.
Transactions dans le mÃªme pays dÃ©tectÃ©es.
Transactions dans le mÃªme pays dÃ©tectÃ©es.
Transactions dans le mÃªme pays dÃ©tectÃ©es.
Transactions dans le mÃªme pays dÃ©tectÃ©es.
Transactions dans le mÃªme pays dÃ©tectÃ©es.
Transactions dans le mÃªme pays dÃ©tectÃ©es.
Transactions dans le mÃªme pays dÃ©tectÃ©es.
Transactions dans le mÃªme pays dÃ©tectÃ©es.
Transactions dans le mÃªme pays dÃ©tectÃ©es.
Transactions dans le mÃªme pays dÃ©tectÃ©es.
Transactions dans le mÃªme pays dÃ©tectÃ©es.
Transactions dans le mÃªme pays dÃ©tectÃ©es.
Transactions dans le mÃªme pays dÃ©tectÃ©es.
Transactions dans le mÃªme pays dÃ©tectÃ©es.
Transactions dans le mÃªme pays dÃ©tectÃ©es.
Transactions dans le mÃªme pays dÃ©tectÃ©es.
Transactions dans le mÃªme pays dÃ©tectÃ©es.
Transactions dans le mÃªme pays dÃ©tectÃ©es.
Transactions dans le mÃªme pays dÃ©tectÃ©es.
Transactions dans le mÃªme pays dÃ©tectÃ©es.
Transactions dans le mÃªme pays dÃ©tectÃ©es.
Transactions dans le mÃªme pays dÃ©tectÃ©es.
Transactions dans le mÃªme pays dÃ©tectÃ©es.
Transactions dans le mÃªme pays dÃ©tectÃ©es.
Transactions dans le mÃªme pays dÃ©tectÃ©es.
Transactions dans le mÃªme pays dÃ©tectÃ©es.
Transactions dans le mÃªme pays dÃ©tectÃ©es.
Transactions dans le mÃªme pays dÃ©tectÃ©es.
Transactions dans le mÃªme pays dÃ©tectÃ©es.
Transactions dans le mÃªme pays dÃ©tectÃ©es.
Transactions dans le mÃªme pays dÃ©tectÃ©es.
Transactions dans le mÃªme pays dÃ©tectÃ©es.
Transactions dans le mÃªme pays dÃ©tectÃ©es.
Transactions dans le mÃªme pays dÃ©tectÃ©es.
Transactions dans le mÃªme pays dÃ©tectÃ©es.
Transactions dans le mÃªme pays dÃ©tectÃ©es.
Transactions dans le mÃªme pays dÃ©tectÃ©es.
Transactions dans le mÃªme pays dÃ©tectÃ©es.
Transactions dans le mÃªme pays dÃ©tectÃ©es.
Transactions dans le mÃªme pays dÃ©tectÃ©es.
Transactions dans le mÃªme pays dÃ©tectÃ©es.
Transactions dans le mÃªme pays dÃ©tectÃ©es.
Transactions dans le mÃªme pays dÃ©tectÃ©es.
Transactions dans le mÃªme pays dÃ©tectÃ©es.
Transactions dans le mÃªme pays dÃ©tectÃ©es.
Transactions dans le mÃªme pays dÃ©tectÃ©es.
Transactions dans le mÃªme pays dÃ©tectÃ©es.
Transactions dans le mÃªme pays dÃ©tectÃ©es.
Transactions dans le mÃªme pays dÃ©tectÃ©es.
Transactions dans le mÃªme pays dÃ©tectÃ©es.
Transactions dans le mÃªme pays dÃ©tectÃ©es.
Transactions dans le mÃªme pays dÃ©tectÃ©es.
Transactions dans le mÃªme pays dÃ©tectÃ©es.
Transactions dans le mÃªme pays dÃ©tectÃ©es.
Transactions dans le mÃªme pays dÃ©tectÃ©es.
Transactions dans le mÃªme pays dÃ©tectÃ©es.
Transactions dans le mÃªme pays dÃ©tectÃ©es.
Transactions dans le mÃªme pays dÃ©tectÃ©es.
Transactions dans le mÃªme pays dÃ©tectÃ©es.
Transactions dans le mÃªme pays dÃ©tectÃ©es.
Transactions dans le mÃªme pays dÃ©tectÃ©es.
Transactions dans le mÃªme pays dÃ©tectÃ©es.
Transactions dans le mÃªme pays dÃ©tectÃ©es.
Transactions dans le mÃªme pays dÃ©tectÃ©es.
Transactions dans le mÃªme pays dÃ©tectÃ©es.
Transactions dans le mÃªme pays dÃ©tectÃ©es.
Transactions dans le mÃªme pays dÃ©tectÃ©es.
Transactions dans le mÃªme pays dÃ©tectÃ©es.
Transactions dans le mÃªme pays dÃ©tectÃ©es.
Transactions dans le mÃªme pays dÃ©tectÃ©es.
Transactions dans le mÃªme pays dÃ©tectÃ©es.
Transactions dans le mÃªme pays dÃ©tectÃ©es.
Transactions dans le mÃªme pays dÃ©tectÃ©es.
Transactions dans le mÃªme pays dÃ©tectÃ©es.
Transactions dans le mÃªme pays dÃ©tectÃ©es.
Transactions dans le mÃªme pays dÃ©tectÃ©es.
Transactions dans le mÃªme pays dÃ©tectÃ©es.
Transactions dans le mÃªme pays dÃ©tectÃ©es.
Transactions dans le mÃªme pays dÃ©tectÃ©es.
Transactions dans le mÃªme pays dÃ©tectÃ©es.
Transactions dans le mÃªme pays dÃ©tectÃ©es.
Transactions dans le mÃªme pays dÃ©tectÃ©es.
Transactions dans le mÃªme pays dÃ©tectÃ©es.
Transactions dans le mÃªme pays dÃ©tectÃ©es.
Transactions dans le mÃªme pays dÃ©tectÃ©es.
Transactions dans le mÃªme pays dÃ©tectÃ©es.
Transactions dans le mÃªme pays dÃ©tectÃ©es.
Transactions dans le mÃªme pays dÃ©tectÃ©es.
Transactions dans le mÃªme pays dÃ©tectÃ©es.
Transactions dans le mÃªme pays dÃ©tectÃ©es.
Transactions dans le mÃªme pays dÃ©tectÃ©es.
Transactions dans le mÃªme pays dÃ©tectÃ©es.
Transactions dans le mÃªme pays dÃ©tectÃ©es.
Transactions dans le mÃªme pays dÃ©tectÃ©es.
Transactions dans le mÃªme pays dÃ©tectÃ©es.
Transactions dans le mÃªme pays dÃ©tectÃ©es.
Transactions dans le mÃªme pays dÃ©tectÃ©es.
Transactions dans le mÃªme pays dÃ©tectÃ©es.
Transactions dans le mÃªme pays dÃ©tectÃ©es.
Transactions dans le mÃªme pays dÃ©tectÃ©es.
Transactions dans le mÃªme pays dÃ©tectÃ©es.
Transactions dans le mÃªme pays dÃ©tectÃ©es.
Transactions dans le mÃªme pays dÃ©tectÃ©es.
Transactions dans le mÃªme pays dÃ©tectÃ©es.
Transactions dans le mÃªme pays dÃ©tectÃ©es.
Transactions dans le mÃªme pays dÃ©tectÃ©es.
Transactions dans le mÃªme pays dÃ©tectÃ©es.
Transactions dans le mÃªme pays dÃ©tectÃ©es.
Transactions dans le mÃªme pays dÃ©tectÃ©es.
Transactions dans le mÃªme pays dÃ©tectÃ©es.
Transactions dans le mÃªme pays dÃ©tectÃ©es.
Transactions dans le mÃªme pays dÃ©tectÃ©es.
Transactions dans le mÃªme pays dÃ©tectÃ©es.
Transactions dans le mÃªme pays dÃ©tectÃ©es.
Transactions dans le mÃªme pays dÃ©tectÃ©es.
Transactions dans le mÃªme pays dÃ©tectÃ©es.
Transactions dans le mÃªme pays dÃ©tectÃ©es.
Transactions dans le mÃªme pays dÃ©tectÃ©es.
Transactions dans le mÃªme pays dÃ©tectÃ©es.
Transactions dans le mÃªme pays dÃ©tectÃ©es.
Transactions dans le mÃªme pays dÃ©tectÃ©es.
Transactions dans le mÃªme pays dÃ©tectÃ©es.
Transactions dans le mÃªme pays dÃ©tectÃ©es.
Transactions dans le mÃªme pays dÃ©tectÃ©es.
Transactions dans le mÃªme pays dÃ©tectÃ©es.
Transactions dans le mÃªme pays dÃ©tectÃ©es.
Transactions dans le mÃªme pays dÃ©tectÃ©es.
Transactions dans le mÃªme pays dÃ©tectÃ©es.
Transactions dans le mÃªme pays dÃ©tectÃ©es.
Transactions dans le mÃªme pays dÃ©tectÃ©es.
Transactions dans le mÃªme pays dÃ©tectÃ©es.
Transactions dans le mÃªme pays dÃ©tectÃ©es.
Transactions dans le mÃªme pays dÃ©tectÃ©es.
Transactions dans le mÃªme pays dÃ©tectÃ©es.
Transactions dans le mÃªme pays dÃ©tectÃ©es.
Transactions dans le mÃªme pays dÃ©tectÃ©es.
Transactions dans le mÃªme pays dÃ©tectÃ©es.
Transactions dans le mÃªme pays dÃ©tectÃ©es.
Transactions dans le mÃªme pays dÃ©tectÃ©es.
Transactions dans le mÃªme pays dÃ©tectÃ©es.
Transactions dans le mÃªme pays dÃ©tectÃ©es.
Transactions dans le mÃªme pays dÃ©tectÃ©es.
Transactions dans le mÃªme pays dÃ©tectÃ©es.
Transactions dans le mÃªme pays dÃ©tectÃ©es.
Transactions dans le mÃªme pays dÃ©tectÃ©es.
Transactions dans le mÃªme pays dÃ©tectÃ©es.
Transactions dans le mÃªme pays dÃ©tectÃ©es.
Transactions dans le mÃªme pays dÃ©tectÃ©es.
Transactions dans le mÃªme pays dÃ©tectÃ©es.
Transactions dans le mÃªme pays dÃ©tectÃ©es.
Transactions dans le mÃªme pays dÃ©tectÃ©es.
Transactions dans le mÃªme pays dÃ©tectÃ©es.
Transactions dans le mÃªme pays dÃ©tectÃ©es.
Transactions dans le mÃªme pays dÃ©tectÃ©es.
Transactions dans le mÃªme pays dÃ©tectÃ©es.
Transactions dans le mÃªme pays dÃ©tectÃ©es.
Transactions dans le mÃªme pays dÃ©tectÃ©es.
Transactions dans le mÃªme pays dÃ©tectÃ©es.
Transactions dans le mÃªme pays dÃ©tectÃ©es.
Transactions dans le mÃªme pays dÃ©tectÃ©es.
Transactions dans le mÃªme pays dÃ©tectÃ©es.
Transactions dans le mÃªme pays dÃ©tectÃ©es.
Transactions dans le mÃªme pays dÃ©tectÃ©es.
Transactions dans le mÃªme pays dÃ©tectÃ©es.
Transactions dans le mÃªme pays dÃ©tectÃ©es.
Transactions dans le mÃªme pays dÃ©tectÃ©es.
Transactions dans le mÃªme pays dÃ©tectÃ©es.
Transactions dans le mÃªme pays dÃ©tectÃ©es.
Transactions dans le mÃªme pays dÃ©tectÃ©es.
Transactions dans le mÃªme pays dÃ©tectÃ©es.
Transactions dans le mÃªme pays dÃ©tectÃ©es.
Transactions dans le mÃªme pays dÃ©tectÃ©es.
Transactions dans le mÃªme pays dÃ©tectÃ©es.
Transactions dans le mÃªme pays dÃ©tectÃ©es.
Transactions dans le mÃªme pays dÃ©tectÃ©es.
Transactions dans le mÃªme pays dÃ©tectÃ©es.
Transactions dans le mÃªme pays dÃ©tectÃ©es.
Transactions dans le mÃªme pays dÃ©tectÃ©es.
Transactions dans le mÃªme pays dÃ©tectÃ©es.
Transactions dans le mÃªme pays dÃ©tectÃ©es.
Transactions dans le mÃªme pays dÃ©tectÃ©es.
Transactions dans le mÃªme pays dÃ©tectÃ©es.
Transactions dans le mÃªme pays dÃ©tectÃ©es.
Transactions dans le mÃªme pays dÃ©tectÃ©es.
Transactions dans le mÃªme pays dÃ©tectÃ©es.
Transactions dans le mÃªme pays dÃ©tectÃ©es.
Transactions dans le mÃªme pays dÃ©tectÃ©es.
Transactions dans le mÃªme pays dÃ©tectÃ©es.
Transactions dans le mÃªme pays dÃ©tectÃ©es.
Transactions dans le mÃªme pays dÃ©tectÃ©es.
Transactions dans le mÃªme pays dÃ©tectÃ©es.
Transactions dans le mÃªme pays dÃ©tectÃ©es.
Transactions dans le mÃªme pays dÃ©tectÃ©es.
Transactions dans le mÃªme pays dÃ©tectÃ©es.
Transactions dans le mÃªme pays dÃ©tectÃ©es.
Transactions dans le mÃªme pays dÃ©tectÃ©es.
Transactions dans le mÃªme pays dÃ©tectÃ©es.
Transactions dans le mÃªme pays dÃ©tectÃ©es.
Transactions dans le mÃªme pays dÃ©tectÃ©es.
Transactions dans le mÃªme pays dÃ©tectÃ©es.
Transactions dans le mÃªme pays dÃ©tectÃ©es.
Transactions dans le mÃªme pays dÃ©tectÃ©es.
Transactions dans le mÃªme pays dÃ©tectÃ©es.
Transactions dans le mÃªme pays dÃ©tectÃ©es.
Transactions dans le mÃªme pays dÃ©tectÃ©es.
Transactions dans le mÃªme pays dÃ©tectÃ©es.
Transactions dans le mÃªme pays dÃ©tectÃ©es.
Transactions dans le mÃªme pays dÃ©tectÃ©es.
Transactions dans le mÃªme pays dÃ©tectÃ©es.
Transactions dans le mÃªme pays dÃ©tectÃ©es.
Transactions dans le mÃªme pays dÃ©tectÃ©es.
Transactions dans le mÃªme pays dÃ©tectÃ©es.
Transactions dans le mÃªme pays dÃ©tectÃ©es.
Transactions dans le mÃªme pays dÃ©tectÃ©es.
Transactions dans le mÃªme pays dÃ©tectÃ©es.
Transactions dans le mÃªme pays dÃ©tectÃ©es.
Transactions dans le mÃªme pays dÃ©tectÃ©es.
Transactions dans le mÃªme pays dÃ©tectÃ©es.
Transactions dans le mÃªme pays dÃ©tectÃ©es.
Transactions dans le mÃªme pays dÃ©tectÃ©es.
Transactions dans le mÃªme pays dÃ©tectÃ©es.
Transactions dans le mÃªme pays dÃ©tectÃ©es.
Transactions dans le mÃªme pays dÃ©tectÃ©es.
Transactions dans le mÃªme pays dÃ©tectÃ©es.
Transactions dans le mÃªme pays dÃ©tectÃ©es.
Transactions dans le mÃªme pays dÃ©tectÃ©es.
Transactions dans le mÃªme pays dÃ©tectÃ©es.
Transactions dans le mÃªme pays dÃ©tectÃ©es.
Transactions dans le mÃªme pays dÃ©tectÃ©es.
Transactions dans le mÃªme pays dÃ©tectÃ©es.
Transactions dans le mÃªme pays dÃ©tectÃ©es.
Transactions dans le mÃªme pays dÃ©tectÃ©es.
Transactions dans le mÃªme pays dÃ©tectÃ©es.
Transactions dans le mÃªme pays dÃ©tectÃ©es.
Transactions dans le mÃªme pays dÃ©tectÃ©es.
Transactions dans le mÃªme pays dÃ©tectÃ©es.
Transactions dans le mÃªme pays dÃ©tectÃ©es.
Transactions dans le mÃªme pays dÃ©tectÃ©es.
Transactions dans le mÃªme pays dÃ©tectÃ©es.
Transactions dans le mÃªme pays dÃ©tectÃ©es.
Transactions dans le mÃªme pays dÃ©tectÃ©es.
Transactions dans le mÃªme pays dÃ©tectÃ©es.
Transactions dans le mÃªme pays dÃ©tectÃ©es.
Transactions dans le mÃªme pays dÃ©tectÃ©es.
Transactions dans le mÃªme pays dÃ©tectÃ©es.
Transactions dans le mÃªme pays dÃ©tectÃ©es.
Transactions dans le mÃªme pays dÃ©tectÃ©es.
Transactions dans le mÃªme pays dÃ©tectÃ©es.
Transactions dans le mÃªme pays dÃ©tectÃ©es.
Transactions dans le mÃªme pays dÃ©tectÃ©es.
Transactions dans le mÃªme pays dÃ©tectÃ©es.
Transactions dans le mÃªme pays dÃ©tectÃ©es.
Transactions dans le mÃªme pays dÃ©tectÃ©es.
Transactions dans le mÃªme pays dÃ©tectÃ©es.
Transactions dans le mÃªme pays dÃ©tectÃ©es.
Transactions dans le mÃªme pays dÃ©tectÃ©es.
Transactions dans le mÃªme pays dÃ©tectÃ©es.
Transactions dans le mÃªme pays dÃ©tectÃ©es.
Transactions dans le mÃªme pays dÃ©tectÃ©es.
Transactions dans le mÃªme pays dÃ©tectÃ©es.
Transactions dans le mÃªme pays dÃ©tectÃ©es.
Transactions dans le mÃªme pays dÃ©tectÃ©es.
Transactions dans le mÃªme pays dÃ©tectÃ©es.
Transactions dans le mÃªme pays dÃ©tectÃ©es.
Transactions dans le mÃªme pays dÃ©tectÃ©es.
Transactions dans le mÃªme pays dÃ©tectÃ©es.
Transactions dans le mÃªme pays dÃ©tectÃ©es.
Transactions dans le mÃªme pays dÃ©tectÃ©es.
Transactions dans le mÃªme pays dÃ©tectÃ©es.
Transactions dans le mÃªme pays dÃ©tectÃ©es.
Transactions dans le mÃªme pays dÃ©tectÃ©es.
Transactions dans le mÃªme pays dÃ©tectÃ©es.
Transactions dans le mÃªme pays dÃ©tectÃ©es.
Transactions dans le mÃªme pays dÃ©tectÃ©es.
Transactions dans le mÃªme pays dÃ©tectÃ©es.
Transactions dans le mÃªme pays dÃ©tectÃ©es.
Transactions dans le mÃªme pays dÃ©tectÃ©es.
Transactions dans le mÃªme pays dÃ©tectÃ©es.
Transactions dans le mÃªme pays dÃ©tectÃ©es.
Transactions dans le mÃªme pays dÃ©tectÃ©es.
Transactions dans le mÃªme pays dÃ©tectÃ©es.
Transactions dans le mÃªme pays dÃ©tectÃ©es.
Transactions dans le mÃªme pays dÃ©tectÃ©es.
Transactions dans le mÃªme pays dÃ©tectÃ©es.
Transactions dans le mÃªme pays dÃ©tectÃ©es.
Transactions dans le mÃªme pays dÃ©tectÃ©es.
Transactions dans le mÃªme pays dÃ©tectÃ©es.
Transactions dans le mÃªme pays dÃ©tectÃ©es.
Transactions dans le mÃªme pays dÃ©tectÃ©es.
Transactions dans le mÃªme pays dÃ©tectÃ©es.
Transactions dans le mÃªme pays dÃ©tectÃ©es.
Transactions dans le mÃªme pays dÃ©tectÃ©es.
Transactions dans le mÃªme pays dÃ©tectÃ©es.
Transactions dans le mÃªme pays dÃ©tectÃ©es.
Transactions dans le mÃªme pays dÃ©tectÃ©es.
Transactions dans le mÃªme pays dÃ©tectÃ©es.
Transactions dans le mÃªme pays dÃ©tectÃ©es.
Transactions dans le mÃªme pays dÃ©tectÃ©es.
Transactions dans le mÃªme pays dÃ©tectÃ©es.
Transactions dans le mÃªme pays dÃ©tectÃ©es.
Transactions dans le mÃªme pays dÃ©tectÃ©es.
Transactions dans le mÃªme pays dÃ©tectÃ©es.
Transactions dans le mÃªme pays dÃ©tectÃ©es.
Transactions dans le mÃªme pays dÃ©tectÃ©es.
Transactions dans le mÃªme pays dÃ©tectÃ©es.
Transactions dans le mÃªme pays dÃ©tectÃ©es.
Transactions dans le mÃªme pays dÃ©tectÃ©es.
Transactions dans le mÃªme pays dÃ©tectÃ©es.
Transactions dans le mÃªme pays dÃ©tectÃ©es.
Transactions dans le mÃªme pays dÃ©tectÃ©es.
Transactions dans le mÃªme pays dÃ©tectÃ©es.
Transactions dans le mÃªme pays dÃ©tectÃ©es.
Transactions dans le mÃªme pays dÃ©tectÃ©es.
Transactions dans le mÃªme pays dÃ©tectÃ©es.
Transactions dans le mÃªme pays dÃ©tectÃ©es.
Transactions dans le mÃªme pays dÃ©tectÃ©es.
Transactions dans le mÃªme pays dÃ©tectÃ©es.
Transactions dans le mÃªme pays dÃ©tectÃ©es.
Transactions dans le mÃªme pays dÃ©tectÃ©es.
Transactions dans le mÃªme pays dÃ©tectÃ©es.
Transactions dans le mÃªme pays dÃ©tectÃ©es.
Transactions dans le mÃªme pays dÃ©tectÃ©es.
Transactions dans le mÃªme pays dÃ©tectÃ©es.
Transactions dans le mÃªme pays dÃ©tectÃ©es.
Transactions dans le mÃªme pays dÃ©tectÃ©es.
Transactions dans le mÃªme pays dÃ©tectÃ©es.
Transactions dans le mÃªme pays dÃ©tectÃ©es.
Transactions dans le mÃªme pays dÃ©tectÃ©es.
Transactions dans le mÃªme pays dÃ©tectÃ©es.
Transactions dans le mÃªme pays dÃ©tectÃ©es.
Transactions dans le mÃªme pays dÃ©tectÃ©es.
Transactions dans le mÃªme pays dÃ©tectÃ©es.
Transactions dans le mÃªme pays dÃ©tectÃ©es.
Transactions dans le mÃªme pays dÃ©tectÃ©es.
Transactions dans le mÃªme pays dÃ©tectÃ©es.
Transactions dans le mÃªme pays dÃ©tectÃ©es.
Transactions dans le mÃªme pays dÃ©tectÃ©es.
Transactions dans le mÃªme pays dÃ©tectÃ©es.
Transactions dans le mÃªme pays dÃ©tectÃ©es.
Transactions dans le mÃªme pays dÃ©tectÃ©es.
Transactions dans le mÃªme pays dÃ©tectÃ©es.
Transactions dans le mÃªme pays dÃ©tectÃ©es.
Transactions dans le mÃªme pays dÃ©tectÃ©es.
Transactions dans le mÃªme pays dÃ©tectÃ©es.
Transactions dans le mÃªme pays dÃ©tectÃ©es.
Transactions dans le mÃªme pays dÃ©tectÃ©es.
Transactions dans le mÃªme pays dÃ©tectÃ©es.
Transactions dans le mÃªme pays dÃ©tectÃ©es.
Transactions dans le mÃªme pays dÃ©tectÃ©es.
Transactions dans le mÃªme pays dÃ©tectÃ©es.
Transactions dans le mÃªme pays dÃ©tectÃ©es.
Transactions dans le mÃªme pays dÃ©tectÃ©es.
Transactions dans le mÃªme pays dÃ©tectÃ©es.
Transactions dans le mÃªme pays dÃ©tectÃ©es.
Transactions dans le mÃªme pays dÃ©tectÃ©es.
Transactions dans le mÃªme pays dÃ©tectÃ©es.
Transactions dans le mÃªme pays dÃ©tectÃ©es.
Transactions dans le mÃªme pays dÃ©tectÃ©es.
Transactions dans le mÃªme pays dÃ©tectÃ©es.
Transactions dans le mÃªme pays dÃ©tectÃ©es.
Transactions dans le mÃªme pays dÃ©tectÃ©es.
Transactions dans le mÃªme pays dÃ©tectÃ©es.
Transactions dans le mÃªme pays dÃ©tectÃ©es.
Transactions dans le mÃªme pays dÃ©tectÃ©es.
Transactions dans le mÃªme pays dÃ©tectÃ©es.
Transactions dans le mÃªme pays dÃ©tectÃ©es.
Transactions dans le mÃªme pays dÃ©tectÃ©es.
Transactions dans le mÃªme pays dÃ©tectÃ©es.
Transactions dans le mÃªme pays dÃ©tectÃ©es.
Transactions dans le mÃªme pays dÃ©tectÃ©es.
Transactions dans le mÃªme pays dÃ©tectÃ©es.
Transactions dans le mÃªme pays dÃ©tectÃ©es.
Transactions dans le mÃªme pays dÃ©tectÃ©es.
Transactions dans le mÃªme pays dÃ©tectÃ©es.
Transactions dans le mÃªme pays dÃ©tectÃ©es.
Transactions dans le mÃªme pays dÃ©tectÃ©es.
Transactions dans le mÃªme pays dÃ©tectÃ©es.
Transactions dans le mÃªme pays dÃ©tectÃ©es.
Transactions dans le mÃªme pays dÃ©tectÃ©es.
Transactions dans le mÃªme pays dÃ©tectÃ©es.
Transactions dans le mÃªme pays dÃ©tectÃ©es.
Transactions dans le mÃªme pays dÃ©tectÃ©es.
Transactions dans le mÃªme pays dÃ©tectÃ©es.
Transactions dans le mÃªme pays dÃ©tectÃ©es.
Transactions dans le mÃªme pays dÃ©tectÃ©es.
Transactions dans le mÃªme pays dÃ©tectÃ©es.
Transactions dans le mÃªme pays dÃ©tectÃ©es.
Transactions dans le mÃªme pays dÃ©tectÃ©es.
Transactions dans le mÃªme pays dÃ©tectÃ©es.
Transactions dans le mÃªme pays dÃ©tectÃ©es.
Transactions dans le mÃªme pays dÃ©tectÃ©es.
Transactions dans le mÃªme pays dÃ©tectÃ©es.
Transactions dans le mÃªme pays dÃ©tectÃ©es.
Transactions dans le mÃªme pays dÃ©tectÃ©es.
Transactions dans le mÃªme pays dÃ©tectÃ©es.
Transactions dans le mÃªme pays dÃ©tectÃ©es.
Transactions dans le mÃªme pays dÃ©tectÃ©es.
Transactions dans le mÃªme pays dÃ©tectÃ©es.
Transactions dans le mÃªme pays dÃ©tectÃ©es.
Transactions dans le mÃªme pays dÃ©tectÃ©es.
Transactions dans le mÃªme pays dÃ©tectÃ©es.
Transactions dans le mÃªme pays dÃ©tectÃ©es.
Transactions dans le mÃªme pays dÃ©tectÃ©es.
Transactions dans le mÃªme pays dÃ©tectÃ©es.
Transactions dans le mÃªme pays dÃ©tectÃ©es.
Transactions dans le mÃªme pays dÃ©tectÃ©es.
Transactions dans le mÃªme pays dÃ©tectÃ©es.
Transactions dans le mÃªme pays dÃ©tectÃ©es.
Transactions dans le mÃªme pays dÃ©tectÃ©es.
Transactions dans le mÃªme pays dÃ©tectÃ©es.
Transactions dans le mÃªme pays dÃ©tectÃ©es.
Transactions dans le mÃªme pays dÃ©tectÃ©es.
Transactions dans le mÃªme pays dÃ©tectÃ©es.
Transactions dans le mÃªme pays dÃ©tectÃ©es.
Transactions dans le mÃªme pays dÃ©tectÃ©es.
Transactions dans le mÃªme pays dÃ©tectÃ©es.
Transactions dans le mÃªme pays dÃ©tectÃ©es.
Transactions dans le mÃªme pays dÃ©tectÃ©es.
Transactions dans le mÃªme pays dÃ©tectÃ©es.
Transactions dans le mÃªme pays dÃ©tectÃ©es.
Transactions dans le mÃªme pays dÃ©tectÃ©es.
Transactions dans le mÃªme pays dÃ©tectÃ©es.
Transactions dans le mÃªme pays dÃ©tectÃ©es.
Transactions dans le mÃªme pays dÃ©tectÃ©es.
Transactions dans le mÃªme pays dÃ©tectÃ©es.
Transactions dans le mÃªme pays dÃ©tectÃ©es.
Transactions dans le mÃªme pays dÃ©tectÃ©es.
Transactions dans le mÃªme pays dÃ©tectÃ©es.
Transactions dans le mÃªme pays dÃ©tectÃ©es.
Transactions dans le mÃªme pays dÃ©tectÃ©es.
Transactions dans le mÃªme pays dÃ©tectÃ©es.
Transactions dans le mÃªme pays dÃ©tectÃ©es.
Transactions dans le mÃªme pays dÃ©tectÃ©es.
Transactions dans le mÃªme pays dÃ©tectÃ©es.
Transactions dans le mÃªme pays dÃ©tectÃ©es.
Transactions dans le mÃªme pays dÃ©tectÃ©es.
Transactions dans le mÃªme pays dÃ©tectÃ©es.
Transactions dans le mÃªme pays dÃ©tectÃ©es.
Transactions dans le mÃªme pays dÃ©tectÃ©es.
Transactions dans le mÃªme pays dÃ©tectÃ©es.
Transactions dans le mÃªme pays dÃ©tectÃ©es.
Transactions dans le mÃªme pays dÃ©tectÃ©es.
Transactions dans le mÃªme pays dÃ©tectÃ©es.
Transactions dans le mÃªme pays dÃ©tectÃ©es.
Transactions dans le mÃªme pays dÃ©tectÃ©es.
Transactions dans le mÃªme pays dÃ©tectÃ©es.
Transactions dans le mÃªme pays dÃ©tectÃ©es.
Transactions dans le mÃªme pays dÃ©tectÃ©es.
Transactions dans le mÃªme pays dÃ©tectÃ©es.
Transactions dans le mÃªme pays dÃ©tectÃ©es.
Transactions dans le mÃªme pays dÃ©tectÃ©es.
Transactions dans le mÃªme pays dÃ©tectÃ©es.
Transactions dans le mÃªme pays dÃ©tectÃ©es.
Transactions dans le mÃªme pays dÃ©tectÃ©es.
Transactions dans le mÃªme pays dÃ©tectÃ©es.
Transactions dans le mÃªme pays dÃ©tectÃ©es.
Transactions dans le mÃªme pays dÃ©tectÃ©es.
Transactions dans le mÃªme pays dÃ©tectÃ©es.
Transactions dans le mÃªme pays dÃ©tectÃ©es.
Transactions dans le mÃªme pays dÃ©tectÃ©es.
Transactions dans le mÃªme pays dÃ©tectÃ©es.
Transactions dans le mÃªme pays dÃ©tectÃ©es.
Transactions dans le mÃªme pays dÃ©tectÃ©es.
Transactions dans le mÃªme pays dÃ©tectÃ©es.
Transactions dans le mÃªme pays dÃ©tectÃ©es.
Transactions dans le mÃªme pays dÃ©tectÃ©es.
Transactions dans le mÃªme pays dÃ©tectÃ©es.
Transactions dans le mÃªme pays dÃ©tectÃ©es.
Transactions dans le mÃªme pays dÃ©tectÃ©es.
Transactions dans le mÃªme pays dÃ©tectÃ©es.
Transactions dans le mÃªme pays dÃ©tectÃ©es.
Transactions dans le mÃªme pays dÃ©tectÃ©es.
Transactions dans le mÃªme pays dÃ©tectÃ©es.
Transactions dans le mÃªme pays dÃ©tectÃ©es.
Transactions dans le mÃªme pays dÃ©tectÃ©es.
Transactions dans le mÃªme pays dÃ©tectÃ©es.
Transactions dans le mÃªme pays dÃ©tectÃ©es.
Transactions dans le mÃªme pays dÃ©tectÃ©es.
Transactions dans le mÃªme pays dÃ©tectÃ©es.
Transactions dans le mÃªme pays dÃ©tectÃ©es.
Transactions dans le mÃªme pays dÃ©tectÃ©es.
Transactions dans le mÃªme pays dÃ©tectÃ©es.
Transactions dans le mÃªme pays dÃ©tectÃ©es.
Transactions dans le mÃªme pays dÃ©tectÃ©es.
Transactions dans le mÃªme pays dÃ©tectÃ©es.
Transactions dans le mÃªme pays dÃ©tectÃ©es.
Transactions dans le mÃªme pays dÃ©tectÃ©es.
Transactions dans le mÃªme pays dÃ©tectÃ©es.
Transactions dans le mÃªme pays dÃ©tectÃ©es.
Transactions dans le mÃªme pays dÃ©tectÃ©es.
Transactions dans le mÃªme pays dÃ©tectÃ©es.
Transactions dans le mÃªme pays dÃ©tectÃ©es.
Transactions dans le mÃªme pays dÃ©tectÃ©es.
Transactions dans le mÃªme pays dÃ©tectÃ©es.
Transactions dans le mÃªme pays dÃ©tectÃ©es.
Transactions dans le mÃªme pays dÃ©tectÃ©es.
Transactions dans le mÃªme pays dÃ©tectÃ©es.
Transactions dans le mÃªme pays dÃ©tectÃ©es.
Transactions dans le mÃªme pays dÃ©tectÃ©es.
Transactions dans le mÃªme pays dÃ©tectÃ©es.
Transactions dans le mÃªme pays dÃ©tectÃ©es.
Transactions dans le mÃªme pays dÃ©tectÃ©es.
Transactions dans le mÃªme pays dÃ©tectÃ©es.
Transactions dans le mÃªme pays dÃ©tectÃ©es.
Transactions dans le mÃªme pays dÃ©tectÃ©es.
Transactions dans le mÃªme pays dÃ©tectÃ©es.
Transactions dans le mÃªme pays dÃ©tectÃ©es.
Transactions dans le mÃªme pays dÃ©tectÃ©es.
Transactions dans le mÃªme pays dÃ©tectÃ©es.
Transactions dans le mÃªme pays dÃ©tectÃ©es.
Transactions dans le mÃªme pays dÃ©tectÃ©es.
Transactions dans le mÃªme pays dÃ©tectÃ©es.
Transactions dans le mÃªme pays dÃ©tectÃ©es.
Transactions dans le mÃªme pays dÃ©tectÃ©es.
Transactions dans le mÃªme pays dÃ©tectÃ©es.
Transactions dans le mÃªme pays dÃ©tectÃ©es.
Transactions dans le mÃªme pays dÃ©tectÃ©es.
Transactions dans le mÃªme pays dÃ©tectÃ©es.
Transactions dans le mÃªme pays dÃ©tectÃ©es.
Transactions dans le mÃªme pays dÃ©tectÃ©es.
Transactions dans le mÃªme pays dÃ©tectÃ©es.
Transactions dans le mÃªme pays dÃ©tectÃ©es.
Transactions dans le mÃªme pays dÃ©tectÃ©es.
Transactions dans le mÃªme pays dÃ©tectÃ©es.
Transactions dans le mÃªme pays dÃ©tectÃ©es.
Transactions dans le mÃªme pays dÃ©tectÃ©es.
Transactions dans le mÃªme pays dÃ©tectÃ©es.
Transactions dans le mÃªme pays dÃ©tectÃ©es.
Transactions dans le mÃªme pays dÃ©tectÃ©es.
Transactions dans le mÃªme pays dÃ©tectÃ©es.
Transactions dans le mÃªme pays dÃ©tectÃ©es.
Transactions dans le mÃªme pays dÃ©tectÃ©es.
Transactions dans le mÃªme pays dÃ©tectÃ©es.
Transactions dans le mÃªme pays dÃ©tectÃ©es.
Transactions dans le mÃªme pays dÃ©tectÃ©es.
Transactions dans le mÃªme pays dÃ©tectÃ©es.
Transactions dans le mÃªme pays dÃ©tectÃ©es.
Transactions dans le mÃªme pays dÃ©tectÃ©es.
Transactions dans le mÃªme pays dÃ©tectÃ©es.
Transactions dans le mÃªme pays dÃ©tectÃ©es.
Transactions dans le mÃªme pays dÃ©tectÃ©es.
Transactions dans le mÃªme pays dÃ©tectÃ©es.
Transactions dans le mÃªme pays dÃ©tectÃ©es.
Transactions dans le mÃªme pays dÃ©tectÃ©es.
Transactions dans le mÃªme pays dÃ©tectÃ©es.
Transactions dans le mÃªme pays dÃ©tectÃ©es.
Transactions dans le mÃªme pays dÃ©tectÃ©es.
Transactions dans le mÃªme pays dÃ©tectÃ©es.
Transactions dans le mÃªme pays dÃ©tectÃ©es.
Transactions dans le mÃªme pays dÃ©tectÃ©es.
Transactions dans le mÃªme pays dÃ©tectÃ©es.
Transactions dans le mÃªme pays dÃ©tectÃ©es.
Transactions dans le mÃªme pays dÃ©tectÃ©es.
Transactions dans le mÃªme pays dÃ©tectÃ©es.
Transactions dans le mÃªme pays dÃ©tectÃ©es.
Transactions dans le mÃªme pays dÃ©tectÃ©es.
Transactions dans le mÃªme pays dÃ©tectÃ©es.
Transactions dans le mÃªme pays dÃ©tectÃ©es.
Transactions dans le mÃªme pays dÃ©tectÃ©es.
Transactions dans le mÃªme pays dÃ©tectÃ©es.
Transactions dans le mÃªme pays dÃ©tectÃ©es.
Transactions dans le mÃªme pays dÃ©tectÃ©es.
Transactions dans le mÃªme pays dÃ©tectÃ©es.
Transactions dans le mÃªme pays dÃ©tectÃ©es.
Transactions dans le mÃªme pays dÃ©tectÃ©es.
Transactions dans le mÃªme pays dÃ©tectÃ©es.
Transactions dans le mÃªme pays dÃ©tectÃ©es.
Transactions dans le mÃªme pays dÃ©tectÃ©es.
Transactions dans le mÃªme pays dÃ©tectÃ©es.
Transactions dans le mÃªme pays dÃ©tectÃ©es.
Transactions dans le mÃªme pays dÃ©tectÃ©es.
Transactions dans le mÃªme pays dÃ©tectÃ©es.
Transactions dans le mÃªme pays dÃ©tectÃ©es.
Transactions dans le mÃªme pays dÃ©tectÃ©es.
Transactions dans le mÃªme pays dÃ©tectÃ©es.
Transactions dans le mÃªme pays dÃ©tectÃ©es.
Transactions dans le mÃªme pays dÃ©tectÃ©es.
Transactions dans le mÃªme pays dÃ©tectÃ©es.
Transactions dans le mÃªme pays dÃ©tectÃ©es.
Transactions dans le mÃªme pays dÃ©tectÃ©es.
Transactions dans le mÃªme pays dÃ©tectÃ©es.
Transactions dans le mÃªme pays dÃ©tectÃ©es.
Transactions dans le mÃªme pays dÃ©tectÃ©es.
Transactions dans le mÃªme pays dÃ©tectÃ©es.
Transactions dans le mÃªme pays dÃ©tectÃ©es.
Transactions dans le mÃªme pays dÃ©tectÃ©es.
Transactions dans le mÃªme pays dÃ©tectÃ©es.
Transactions dans le mÃªme pays dÃ©tectÃ©es.
Transactions dans le mÃªme pays dÃ©tectÃ©es.
Transactions dans le mÃªme pays dÃ©tectÃ©es.
Transactions dans le mÃªme pays dÃ©tectÃ©es.
Transactions dans le mÃªme pays dÃ©tectÃ©es.
Transactions dans le mÃªme pays dÃ©tectÃ©es.
Transactions dans le mÃªme pays dÃ©tectÃ©es.
Transactions dans le mÃªme pays dÃ©tectÃ©es.
Transactions dans le mÃªme pays dÃ©tectÃ©es.
Transactions dans le mÃªme pays dÃ©tectÃ©es.
Transactions dans le mÃªme pays dÃ©tectÃ©es.
Transactions dans le mÃªme pays dÃ©tectÃ©es.
Transactions dans le mÃªme pays dÃ©tectÃ©es.
Transactions dans le mÃªme pays dÃ©tectÃ©es.
Transactions dans le mÃªme pays dÃ©tectÃ©es.
Transactions dans le mÃªme pays dÃ©tectÃ©es.
Transactions dans le mÃªme pays dÃ©tectÃ©es.
Transactions dans le mÃªme pays dÃ©tectÃ©es.
Transactions dans le mÃªme pays dÃ©tectÃ©es.
Transactions dans le mÃªme pays dÃ©tectÃ©es.
Transactions dans le mÃªme pays dÃ©tectÃ©es.
Transactions dans le mÃªme pays dÃ©tectÃ©es.
Transactions dans le mÃªme pays dÃ©tectÃ©es.
Transactions dans le mÃªme pays dÃ©tectÃ©es.
Transactions dans le mÃªme pays dÃ©tectÃ©es.
Transactions dans le mÃªme pays dÃ©tectÃ©es.
Transactions dans le mÃªme pays dÃ©tectÃ©es.
Transactions dans le mÃªme pays dÃ©tectÃ©es.
Transactions dans le mÃªme pays dÃ©tectÃ©es.
Transactions dans le mÃªme pays dÃ©tectÃ©es.
Transactions dans le mÃªme pays dÃ©tectÃ©es.
Transactions dans le mÃªme pays dÃ©tectÃ©es.
Transactions dans le mÃªme pays dÃ©tectÃ©es.
Transactions dans le mÃªme pays dÃ©tectÃ©es.
Transactions dans le mÃªme pays dÃ©tectÃ©es.
Transactions dans le mÃªme pays dÃ©tectÃ©es.
Transactions dans le mÃªme pays dÃ©tectÃ©es.
Transactions dans le mÃªme pays dÃ©tectÃ©es.
Transactions dans le mÃªme pays dÃ©tectÃ©es.
Transactions dans le mÃªme pays dÃ©tectÃ©es.
Transactions dans le mÃªme pays dÃ©tectÃ©es.
Transactions dans le mÃªme pays dÃ©tectÃ©es.
Transactions dans le mÃªme pays dÃ©tectÃ©es.
Transactions dans le mÃªme pays dÃ©tectÃ©es.
Transactions dans le mÃªme pays dÃ©tectÃ©es.
Transactions dans le mÃªme pays dÃ©tectÃ©es.
Transactions dans le mÃªme pays dÃ©tectÃ©es.
Transactions dans le mÃªme pays dÃ©tectÃ©es.
Transactions dans le mÃªme pays dÃ©tectÃ©es.
Transactions dans le mÃªme pays dÃ©tectÃ©es.
Transactions dans le mÃªme pays dÃ©tectÃ©es.
Transactions dans le mÃªme pays dÃ©tectÃ©es.
Transactions dans le mÃªme pays dÃ©tectÃ©es.
Transactions dans le mÃªme pays dÃ©tectÃ©es.
Transactions dans le mÃªme pays dÃ©tectÃ©es.
Transactions dans le mÃªme pays dÃ©tectÃ©es.
Transactions dans le mÃªme pays dÃ©tectÃ©es.
Transactions dans le mÃªme pays dÃ©tectÃ©es.
Transactions dans le mÃªme pays dÃ©tectÃ©es.
Transactions dans le mÃªme pays dÃ©tectÃ©es.
Transactions dans le mÃªme pays dÃ©tectÃ©es.
Transactions dans le mÃªme pays dÃ©tectÃ©es.
Transactions dans le mÃªme pays dÃ©tectÃ©es.
Transactions dans le mÃªme pays dÃ©tectÃ©es.
Transactions dans le mÃªme pays dÃ©tectÃ©es.
Transactions dans le mÃªme pays dÃ©tectÃ©es.
Transactions dans le mÃªme pays dÃ©tectÃ©es.
Transactions dans le mÃªme pays dÃ©tectÃ©es.
Transactions dans le mÃªme pays dÃ©tectÃ©es.
Transactions dans le mÃªme pays dÃ©tectÃ©es.
Transactions dans le mÃªme pays dÃ©tectÃ©es.
Transactions dans le mÃªme pays dÃ©tectÃ©es.
Transactions dans le mÃªme pays dÃ©tectÃ©es.
Transactions dans le mÃªme pays dÃ©tectÃ©es.
Transactions dans le mÃªme pays dÃ©tectÃ©es.
Transactions dans le mÃªme pays dÃ©tectÃ©es.
Transactions dans le mÃªme pays dÃ©tectÃ©es.
Transactions dans le mÃªme pays dÃ©tectÃ©es.
Transactions dans le mÃªme pays dÃ©tectÃ©es.
Transactions dans le mÃªme pays dÃ©tectÃ©es.
Transactions dans le mÃªme pays dÃ©tectÃ©es.
Transactions dans le mÃªme pays dÃ©tectÃ©es.
Transactions dans le mÃªme pays dÃ©tectÃ©es.
Transactions dans le mÃªme pays dÃ©tectÃ©es.
Transactions dans le mÃªme pays dÃ©tectÃ©es.
Transactions dans le mÃªme pays dÃ©tectÃ©es.
Transactions dans le mÃªme pays dÃ©tectÃ©es.
Transactions dans le mÃªme pays dÃ©tectÃ©es.
Transactions dans le mÃªme pays dÃ©tectÃ©es.
Transactions dans le mÃªme pays dÃ©tectÃ©es.
Transactions dans le mÃªme pays dÃ©tectÃ©es.
Transactions dans le mÃªme pays dÃ©tectÃ©es.
Transactions dans le mÃªme pays dÃ©tectÃ©es.
Transactions dans le mÃªme pays dÃ©tectÃ©es.
Transactions dans le mÃªme pays dÃ©tectÃ©es.
Transactions dans le mÃªme pays dÃ©tectÃ©es.
Transactions dans le mÃªme pays dÃ©tectÃ©es.
Transactions dans le mÃªme pays dÃ©tectÃ©es.
Transactions dans le mÃªme pays dÃ©tectÃ©es.
Transactions dans le mÃªme pays dÃ©tectÃ©es.
Transactions dans le mÃªme pays dÃ©tectÃ©es.
Transactions dans le mÃªme pays dÃ©tectÃ©es.
Transactions dans le mÃªme pays dÃ©tectÃ©es.
Transactions dans le mÃªme pays dÃ©tectÃ©es.
Transactions dans le mÃªme pays dÃ©tectÃ©es.
Transactions dans le mÃªme pays dÃ©tectÃ©es.
Transactions dans le mÃªme pays dÃ©tectÃ©es.
Transactions dans le mÃªme pays dÃ©tectÃ©es.
Transactions dans le mÃªme pays dÃ©tectÃ©es.
Transactions dans le mÃªme pays dÃ©tectÃ©es.
Transactions dans le mÃªme pays dÃ©tectÃ©es.
Transactions dans le mÃªme pays dÃ©tectÃ©es.
Transactions dans le mÃªme pays dÃ©tectÃ©es.
Transactions dans le mÃªme pays dÃ©tectÃ©es.
Transactions dans le mÃªme pays dÃ©tectÃ©es.
Transactions dans le mÃªme pays dÃ©tectÃ©es.
Transactions dans le mÃªme pays dÃ©tectÃ©es.
Transactions dans le mÃªme pays dÃ©tectÃ©es.
Transactions dans le mÃªme pays dÃ©tectÃ©es.
Transactions dans le mÃªme pays dÃ©tectÃ©es.
Transactions dans le mÃªme pays dÃ©tectÃ©es.
Transactions dans le mÃªme pays dÃ©tectÃ©es.
Transactions dans le mÃªme pays dÃ©tectÃ©es.
Transactions dans le mÃªme pays dÃ©tectÃ©es.
Transactions dans le mÃªme pays dÃ©tectÃ©es.
Transactions dans le mÃªme pays dÃ©tectÃ©es.
Transactions dans le mÃªme pays dÃ©tectÃ©es.
Transactions dans le mÃªme pays dÃ©tectÃ©es.
Transactions dans le mÃªme pays dÃ©tectÃ©es.
Transactions dans le mÃªme pays dÃ©tectÃ©es.
Transactions dans le mÃªme pays dÃ©tectÃ©es.
Transactions dans le mÃªme pays dÃ©tectÃ©es.
Transactions dans le mÃªme pays dÃ©tectÃ©es.
Transactions dans le mÃªme pays dÃ©tectÃ©es.
Transactions dans le mÃªme pays dÃ©tectÃ©es.
Transactions dans le mÃªme pays dÃ©tectÃ©es.
Transactions dans le mÃªme pays dÃ©tectÃ©es.
Transactions dans le mÃªme pays dÃ©tectÃ©es.
Transactions dans le mÃªme pays dÃ©tectÃ©es.
Transactions dans le mÃªme pays dÃ©tectÃ©es.
Transactions dans le mÃªme pays dÃ©tectÃ©es.
Transactions dans le mÃªme pays dÃ©tectÃ©es.
Transactions dans le mÃªme pays dÃ©tectÃ©es.
Transactions dans le mÃªme pays dÃ©tectÃ©es.
Transactions dans le mÃªme pays dÃ©tectÃ©es.
Transactions dans le mÃªme pays dÃ©tectÃ©es.
Transactions dans le mÃªme pays dÃ©tectÃ©es.
Transactions dans le mÃªme pays dÃ©tectÃ©es.
Transactions dans le mÃªme pays dÃ©tectÃ©es.
Transactions dans le mÃªme pays dÃ©tectÃ©es.
Transactions dans le mÃªme pays dÃ©tectÃ©es.
Transactions dans le mÃªme pays dÃ©tectÃ©es.
Transactions dans le mÃªme pays dÃ©tectÃ©es.
Transactions dans le mÃªme pays dÃ©tectÃ©es.
Transactions dans le mÃªme pays dÃ©tectÃ©es.
Transactions dans le mÃªme pays dÃ©tectÃ©es.
Transactions dans le mÃªme pays dÃ©tectÃ©es.
Transactions dans le mÃªme pays dÃ©tectÃ©es.
Transactions dans le mÃªme pays dÃ©tectÃ©es.
Transactions dans le mÃªme pays dÃ©tectÃ©es.
Transactions dans le mÃªme pays dÃ©tectÃ©es.
Transactions dans le mÃªme pays dÃ©tectÃ©es.
Transactions dans le mÃªme pays dÃ©tectÃ©es.
Transactions dans le mÃªme pays dÃ©tectÃ©es.
Transactions dans le mÃªme pays dÃ©tectÃ©es.
Transactions dans le mÃªme pays dÃ©tectÃ©es.
Transactions dans le mÃªme pays dÃ©tectÃ©es.
Transactions dans le mÃªme pays dÃ©tectÃ©es.
Transactions dans le mÃªme pays dÃ©tectÃ©es.
Transactions dans le mÃªme pays dÃ©tectÃ©es.
Transactions dans le mÃªme pays dÃ©tectÃ©es.
Transactions dans le mÃªme pays dÃ©tectÃ©es.
Transactions dans le mÃªme pays dÃ©tectÃ©es.
Transactions dans le mÃªme pays dÃ©tectÃ©es.
Transactions dans le mÃªme pays dÃ©tectÃ©es.
Transactions dans le mÃªme pays dÃ©tectÃ©es.
Transactions dans le mÃªme pays dÃ©tectÃ©es.
Transactions dans le mÃªme pays dÃ©tectÃ©es.
Transactions dans le mÃªme pays dÃ©tectÃ©es.
Transactions dans le mÃªme pays dÃ©tectÃ©es.
Transactions dans le mÃªme pays dÃ©tectÃ©es.
Transactions dans le mÃªme pays dÃ©tectÃ©es.
Transactions dans le mÃªme pays dÃ©tectÃ©es.
Transactions dans le mÃªme pays dÃ©tectÃ©es.
Transactions dans le mÃªme pays dÃ©tectÃ©es.
Transactions dans le mÃªme pays dÃ©tectÃ©es.
Transactions dans le mÃªme pays dÃ©tectÃ©es.
Transactions dans le mÃªme pays dÃ©tectÃ©es.
Transactions dans le mÃªme pays dÃ©tectÃ©es.
Transactions dans le mÃªme pays dÃ©tectÃ©es.
Transactions dans le mÃªme pays dÃ©tectÃ©es.
Transactions dans le mÃªme pays dÃ©tectÃ©es.
Transactions dans le mÃªme pays dÃ©tectÃ©es.
Transactions dans le mÃªme pays dÃ©tectÃ©es.
Transactions dans le mÃªme pays dÃ©tectÃ©es.
Transactions dans le mÃªme pays dÃ©tectÃ©es.
Transactions dans le mÃªme pays dÃ©tectÃ©es.
Transactions dans le mÃªme pays dÃ©tectÃ©es.
Transactions dans le mÃªme pays dÃ©tectÃ©es.
Transactions dans le mÃªme pays dÃ©tectÃ©es.
Transactions dans le mÃªme pays dÃ©tectÃ©es.
Transactions dans le mÃªme pays dÃ©tectÃ©es.
Transactions dans le mÃªme pays dÃ©tectÃ©es.
Transactions dans le mÃªme pays dÃ©tectÃ©es.
Transactions dans le mÃªme pays dÃ©tectÃ©es.
Transactions dans le mÃªme pays dÃ©tectÃ©es.
Transactions dans le mÃªme pays dÃ©tectÃ©es.
Transactions dans le mÃªme pays dÃ©tectÃ©es.
Transactions dans le mÃªme pays dÃ©tectÃ©es.
Transactions dans le mÃªme pays dÃ©tectÃ©es.
Transactions dans le mÃªme pays dÃ©tectÃ©es.
Transactions dans le mÃªme pays dÃ©tectÃ©es.
Transactions dans le mÃªme pays dÃ©tectÃ©es.
Transactions dans le mÃªme pays dÃ©tectÃ©es.
Transactions dans le mÃªme pays dÃ©tectÃ©es.
Transactions dans le mÃªme pays dÃ©tectÃ©es.
Transactions dans le mÃªme pays dÃ©tectÃ©es.
Transactions dans le mÃªme pays dÃ©tectÃ©es.
Transactions dans le mÃªme pays dÃ©tectÃ©es.
Transactions dans le mÃªme pays dÃ©tectÃ©es.
Transactions dans le mÃªme pays dÃ©tectÃ©es.
Transactions dans le mÃªme pays dÃ©tectÃ©es.
Transactions dans le mÃªme pays dÃ©tectÃ©es.
Transactions dans le mÃªme pays dÃ©tectÃ©es.
Transactions dans le mÃªme pays dÃ©tectÃ©es.
Transactions dans le mÃªme pays dÃ©tectÃ©es.
Transactions dans le mÃªme pays dÃ©tectÃ©es.
Transactions dans le mÃªme pays dÃ©tectÃ©es.
Transactions dans le mÃªme pays dÃ©tectÃ©es.
Transactions dans le mÃªme pays dÃ©tectÃ©es.
Transactions dans le mÃªme pays dÃ©tectÃ©es.
Transactions dans le mÃªme pays dÃ©tectÃ©es.
Transactions dans le mÃªme pays dÃ©tectÃ©es.
Transactions dans le mÃªme pays dÃ©tectÃ©es.
Transactions dans le mÃªme pays dÃ©tectÃ©es.
Transactions dans le mÃªme pays dÃ©tectÃ©es.
Transactions dans le mÃªme pays dÃ©tectÃ©es.
Transactions dans le mÃªme pays dÃ©tectÃ©es.
Transactions dans le mÃªme pays dÃ©tectÃ©es.
Transactions dans le mÃªme pays dÃ©tectÃ©es.
Transactions dans le mÃªme pays dÃ©tectÃ©es.
Transactions dans le mÃªme pays dÃ©tectÃ©es.
Transactions dans le mÃªme pays dÃ©tectÃ©es.
Transactions dans le mÃªme pays dÃ©tectÃ©es.
Transactions dans le mÃªme pays dÃ©tectÃ©es.
Transactions dans le mÃªme pays dÃ©tectÃ©es.
Transactions dans le mÃªme pays dÃ©tectÃ©es.
Transactions dans le mÃªme pays dÃ©tectÃ©es.
Transactions dans le mÃªme pays dÃ©tectÃ©es.
Transactions dans le mÃªme pays dÃ©tectÃ©es.
Transactions dans le mÃªme pays dÃ©tectÃ©es.
Transactions dans le mÃªme pays dÃ©tectÃ©es.
Transactions dans le mÃªme pays dÃ©tectÃ©es.
Transactions dans le mÃªme pays dÃ©tectÃ©es.
Transactions dans le mÃªme pays dÃ©tectÃ©es.
Transactions dans le mÃªme pays dÃ©tectÃ©es.
Transactions dans le mÃªme pays dÃ©tectÃ©es.
Transactions dans le mÃªme pays dÃ©tectÃ©es.
Transactions dans le mÃªme pays dÃ©tectÃ©es.
Transactions dans le mÃªme pays dÃ©tectÃ©es.
Transactions dans le mÃªme pays dÃ©tectÃ©es.
Transactions dans le mÃªme pays dÃ©tectÃ©es.
Transactions dans le mÃªme pays dÃ©tectÃ©es.
Transactions dans le mÃªme pays dÃ©tectÃ©es.
Transactions dans le mÃªme pays dÃ©tectÃ©es.
Transactions dans le mÃªme pays dÃ©tectÃ©es.
Transactions dans le mÃªme pays dÃ©tectÃ©es.
Transactions dans le mÃªme pays dÃ©tectÃ©es.
Transactions dans le mÃªme pays dÃ©tectÃ©es.
Transactions dans le mÃªme pays dÃ©tectÃ©es.
Transactions dans le mÃªme pays dÃ©tectÃ©es.
Transactions dans le mÃªme pays dÃ©tectÃ©es.
Transactions dans le mÃªme pays dÃ©tectÃ©es.
Transactions dans le mÃªme pays dÃ©tectÃ©es.
Transactions dans le mÃªme pays dÃ©tectÃ©es.
Transactions dans le mÃªme pays dÃ©tectÃ©es.
Transactions dans le mÃªme pays dÃ©tectÃ©es.
Transactions dans le mÃªme pays dÃ©tectÃ©es.
Transactions dans le mÃªme pays dÃ©tectÃ©es.
Transactions dans le mÃªme pays dÃ©tectÃ©es.
Transactions dans le mÃªme pays dÃ©tectÃ©es.
Transactions dans le mÃªme pays dÃ©tectÃ©es.
Transactions dans le mÃªme pays dÃ©tectÃ©es.
Transactions dans le mÃªme pays dÃ©tectÃ©es.
Transactions dans le mÃªme pays dÃ©tectÃ©es.
Transactions dans le mÃªme pays dÃ©tectÃ©es.
Transactions dans le mÃªme pays dÃ©tectÃ©es.
Transactions dans le mÃªme pays dÃ©tectÃ©es.
Transactions dans le mÃªme pays dÃ©tectÃ©es.
Transactions dans le mÃªme pays dÃ©tectÃ©es.
Transactions dans le mÃªme pays dÃ©tectÃ©es.
Transactions dans le mÃªme pays dÃ©tectÃ©es.
Transactions dans le mÃªme pays dÃ©tectÃ©es.
Transactions dans le mÃªme pays dÃ©tectÃ©es.
Transactions dans le mÃªme pays dÃ©tectÃ©es.
Transactions dans le mÃªme pays dÃ©tectÃ©es.
Transactions dans le mÃªme pays dÃ©tectÃ©es.
Transactions dans le mÃªme pays dÃ©tectÃ©es.
Transactions dans le mÃªme pays dÃ©tectÃ©es.
Transactions dans le mÃªme pays dÃ©tectÃ©es.
Transactions dans le mÃªme pays dÃ©tectÃ©es.
Transactions dans le mÃªme pays dÃ©tectÃ©es.
Transactions dans le mÃªme pays dÃ©tectÃ©es.
Transactions dans le mÃªme pays dÃ©tectÃ©es.
Transactions dans le mÃªme pays dÃ©tectÃ©es.
Transactions dans le mÃªme pays dÃ©tectÃ©es.
Transactions dans le mÃªme pays dÃ©tectÃ©es.
Transactions dans le mÃªme pays dÃ©tectÃ©es.
Transactions dans le mÃªme pays dÃ©tectÃ©es.
Transactions dans le mÃªme pays dÃ©tectÃ©es.
Transactions dans le mÃªme pays dÃ©tectÃ©es.
Transactions dans le mÃªme pays dÃ©tectÃ©es.
Transactions dans le mÃªme pays dÃ©tectÃ©es.
Transactions dans le mÃªme pays dÃ©tectÃ©es.
Transactions dans le mÃªme pays dÃ©tectÃ©es.
Transactions dans le mÃªme pays dÃ©tectÃ©es.
Transactions dans le mÃªme pays dÃ©tectÃ©es.
Transactions dans le mÃªme pays dÃ©tectÃ©es.
Transactions dans le mÃªme pays dÃ©tectÃ©es.
Transactions dans le mÃªme pays dÃ©tectÃ©es.
Transactions dans le mÃªme pays dÃ©tectÃ©es.
Transactions dans le mÃªme pays dÃ©tectÃ©es.
Transactions dans le mÃªme pays dÃ©tectÃ©es.
Transactions dans le mÃªme pays dÃ©tectÃ©es.
Transactions dans le mÃªme pays dÃ©tectÃ©es.
Transactions dans le mÃªme pays dÃ©tectÃ©es.
Transactions dans le mÃªme pays dÃ©tectÃ©es.
Transactions dans le mÃªme pays dÃ©tectÃ©es.
Transactions dans le mÃªme pays dÃ©tectÃ©es.
Transactions dans le mÃªme pays dÃ©tectÃ©es.
Transactions dans le mÃªme pays dÃ©tectÃ©es.
Transactions dans le mÃªme pays dÃ©tectÃ©es.
Transactions dans le mÃªme pays dÃ©tectÃ©es.
Transactions dans le mÃªme pays dÃ©tectÃ©es.
Transactions dans le mÃªme pays dÃ©tectÃ©es.
Transactions dans le mÃªme pays dÃ©tectÃ©es.
Transactions dans le mÃªme pays dÃ©tectÃ©es.
Transactions dans le mÃªme pays dÃ©tectÃ©es.
Transactions dans le mÃªme pays dÃ©tectÃ©es.
Transactions dans le mÃªme pays dÃ©tectÃ©es.
Transactions dans le mÃªme pays dÃ©tectÃ©es.
Transactions dans le mÃªme pays dÃ©tectÃ©es.
Transactions dans le mÃªme pays dÃ©tectÃ©es.
Transactions dans le mÃªme pays dÃ©tectÃ©es.
Transactions dans le mÃªme pays dÃ©tectÃ©es.
Transactions dans le mÃªme pays dÃ©tectÃ©es.
Transactions dans le mÃªme pays dÃ©tectÃ©es.
Transactions dans le mÃªme pays dÃ©tectÃ©es.
Transactions dans le mÃªme pays dÃ©tectÃ©es.
Transactions dans le mÃªme pays dÃ©tectÃ©es.
Transactions dans le mÃªme pays dÃ©tectÃ©es.
Transactions dans le mÃªme pays dÃ©tectÃ©es.
Transactions dans le mÃªme pays dÃ©tectÃ©es.
Transactions dans le mÃªme pays dÃ©tectÃ©es.
Transactions dans le mÃªme pays dÃ©tectÃ©es.
Transactions dans le mÃªme pays dÃ©tectÃ©es.
Transactions dans le mÃªme pays dÃ©tectÃ©es.
Transactions dans le mÃªme pays dÃ©tectÃ©es.
Transactions dans le mÃªme pays dÃ©tectÃ©es.
Transactions dans le mÃªme pays dÃ©tectÃ©es.
Transactions dans le mÃªme pays dÃ©tectÃ©es.
Transactions dans le mÃªme pays dÃ©tectÃ©es.
Transactions dans le mÃªme pays dÃ©tectÃ©es.
Transactions dans le mÃªme pays dÃ©tectÃ©es.
Transactions dans le mÃªme pays dÃ©tectÃ©es.
Transactions dans le mÃªme pays dÃ©tectÃ©es.
Transactions dans le mÃªme pays dÃ©tectÃ©es.
Transactions dans le mÃªme pays dÃ©tectÃ©es.
Transactions dans le mÃªme pays dÃ©tectÃ©es.
Transactions dans le mÃªme pays dÃ©tectÃ©es.
Transactions dans le mÃªme pays dÃ©tectÃ©es.
Transactions dans le mÃªme pays dÃ©tectÃ©es.
Transactions dans le mÃªme pays dÃ©tectÃ©es.
Transactions dans le mÃªme pays dÃ©tectÃ©es.
Transactions dans le mÃªme pays dÃ©tectÃ©es.
Transactions dans le mÃªme pays dÃ©tectÃ©es.
Transactions dans le mÃªme pays dÃ©tectÃ©es.
Transactions dans le mÃªme pays dÃ©tectÃ©es.
Transactions dans le mÃªme pays dÃ©tectÃ©es.
Transactions dans le mÃªme pays dÃ©tectÃ©es.
Transactions dans le mÃªme pays dÃ©tectÃ©es.
Transactions dans le mÃªme pays dÃ©tectÃ©es.
Transactions dans le mÃªme pays dÃ©tectÃ©es.
Transactions dans le mÃªme pays dÃ©tectÃ©es.
Transactions dans le mÃªme pays dÃ©tectÃ©es.
Transactions dans le mÃªme pays dÃ©tectÃ©es.
Transactions dans le mÃªme pays dÃ©tectÃ©es.
Transactions dans le mÃªme pays dÃ©tectÃ©es.
Transactions dans le mÃªme pays dÃ©tectÃ©es.
Transactions dans le mÃªme pays dÃ©tectÃ©es.
Transactions dans le mÃªme pays dÃ©tectÃ©es.
Transactions dans le mÃªme pays dÃ©tectÃ©es.
Transactions dans le mÃªme pays dÃ©tectÃ©es.
Transactions dans le mÃªme pays dÃ©tectÃ©es.
Transactions dans le mÃªme pays dÃ©tectÃ©es.
Transactions dans le mÃªme pays dÃ©tectÃ©es.
Transactions dans le mÃªme pays dÃ©tectÃ©es.
Transactions dans le mÃªme pays dÃ©tectÃ©es.
Transactions dans le mÃªme pays dÃ©tectÃ©es.
Transactions dans le mÃªme pays dÃ©tectÃ©es.
Transactions dans le mÃªme pays dÃ©tectÃ©es.
Transactions dans le mÃªme pays dÃ©tectÃ©es.
Transactions dans le mÃªme pays dÃ©tectÃ©es.
Transactions dans le mÃªme pays dÃ©tectÃ©es.
Transactions dans le mÃªme pays dÃ©tectÃ©es.
Transactions dans le mÃªme pays dÃ©tectÃ©es.
Transactions dans le mÃªme pays dÃ©tectÃ©es.
Transactions dans le mÃªme pays dÃ©tectÃ©es.
Transactions dans le mÃªme pays dÃ©tectÃ©es.
Transactions dans le mÃªme pays dÃ©tectÃ©es.
Transactions dans le mÃªme pays dÃ©tectÃ©es.
Transactions dans le mÃªme pays dÃ©tectÃ©es.
Transactions dans le mÃªme pays dÃ©tectÃ©es.
Transactions dans le mÃªme pays dÃ©tectÃ©es.
Transactions dans le mÃªme pays dÃ©tectÃ©es.
Transactions dans le mÃªme pays dÃ©tectÃ©es.
Transactions dans le mÃªme pays dÃ©tectÃ©es.
Transactions dans le mÃªme pays dÃ©tectÃ©es.
Transactions dans le mÃªme pays dÃ©tectÃ©es.
Transactions dans le mÃªme pays dÃ©tectÃ©es.
Transactions dans le mÃªme pays dÃ©tectÃ©es.
Transactions dans le mÃªme pays dÃ©tectÃ©es.
Transactions dans le mÃªme pays dÃ©tectÃ©es.
Transactions dans le mÃªme pays dÃ©tectÃ©es.
Transactions dans le mÃªme pays dÃ©tectÃ©es.
Transactions dans le mÃªme pays dÃ©tectÃ©es.
Transactions dans le mÃªme pays dÃ©tectÃ©es.
Transactions dans le mÃªme pays dÃ©tectÃ©es.
Transactions dans le mÃªme pays dÃ©tectÃ©es.
Transactions dans le mÃªme pays dÃ©tectÃ©es.
Transactions dans le mÃªme pays dÃ©tectÃ©es.
Transactions dans le mÃªme pays dÃ©tectÃ©es.
Transactions dans le mÃªme pays dÃ©tectÃ©es.
Transactions dans le mÃªme pays dÃ©tectÃ©es.
Transactions dans le mÃªme pays dÃ©tectÃ©es.
Transactions dans le mÃªme pays dÃ©tectÃ©es.
Transactions dans le mÃªme pays dÃ©tectÃ©es.
Transactions dans le mÃªme pays dÃ©tectÃ©es.
Transactions dans le mÃªme pays dÃ©tectÃ©es.
Transactions dans le mÃªme pays dÃ©tectÃ©es.
Transactions dans le mÃªme pays dÃ©tectÃ©es.
Transactions dans le mÃªme pays dÃ©tectÃ©es.
Transactions dans le mÃªme pays dÃ©tectÃ©es.
Transactions dans le mÃªme pays dÃ©tectÃ©es.
Transactions dans le mÃªme pays dÃ©tectÃ©es.
Transactions dans le mÃªme pays dÃ©tectÃ©es.
Transactions dans le mÃªme pays dÃ©tectÃ©es.
Transactions dans le mÃªme pays dÃ©tectÃ©es.
Transactions dans le mÃªme pays dÃ©tectÃ©es.
Transactions dans le mÃªme pays dÃ©tectÃ©es.
Transactions dans le mÃªme pays dÃ©tectÃ©es.
Transactions dans le mÃªme pays dÃ©tectÃ©es.
Transactions dans le mÃªme pays dÃ©tectÃ©es.
Transactions dans le mÃªme pays dÃ©tectÃ©es.
Transactions dans le mÃªme pays dÃ©tectÃ©es.
Transactions dans le mÃªme pays dÃ©tectÃ©es.
Transactions dans le mÃªme pays dÃ©tectÃ©es.
Transactions dans le mÃªme pays dÃ©tectÃ©es.
Transactions dans le mÃªme pays dÃ©tectÃ©es.
Transactions dans le mÃªme pays dÃ©tectÃ©es.
Transactions dans le mÃªme pays dÃ©tectÃ©es.
Transactions dans le mÃªme pays dÃ©tectÃ©es.
Transactions dans le mÃªme pays dÃ©tectÃ©es.
Transactions dans le mÃªme pays dÃ©tectÃ©es.
Transactions dans le mÃªme pays dÃ©tectÃ©es.
Transactions dans le mÃªme pays dÃ©tectÃ©es.
Transactions dans le mÃªme pays dÃ©tectÃ©es.
Transactions dans le mÃªme pays dÃ©tectÃ©es.
Transactions dans le mÃªme pays dÃ©tectÃ©es.
Transactions dans le mÃªme pays dÃ©tectÃ©es.
Transactions dans le mÃªme pays dÃ©tectÃ©es.
Transactions dans le mÃªme pays dÃ©tectÃ©es.
Transactions dans le mÃªme pays dÃ©tectÃ©es.
Transactions dans le mÃªme pays dÃ©tectÃ©es.
Transactions dans le mÃªme pays dÃ©tectÃ©es.
Transactions dans le mÃªme pays dÃ©tectÃ©es.
Transactions dans le mÃªme pays dÃ©tectÃ©es.
Transactions dans le mÃªme pays dÃ©tectÃ©es.
Transactions dans le mÃªme pays dÃ©tectÃ©es.
Transactions dans le mÃªme pays dÃ©tectÃ©es.
Transactions dans le mÃªme pays dÃ©tectÃ©es.
Transactions dans le mÃªme pays dÃ©tectÃ©es.
Transactions dans le mÃªme pays dÃ©tectÃ©es.
Transactions dans le mÃªme pays dÃ©tectÃ©es.
Transactions dans le mÃªme pays dÃ©tectÃ©es.
Transactions dans le mÃªme pays dÃ©tectÃ©es.
Transactions dans le mÃªme pays dÃ©tectÃ©es.
Transactions dans le mÃªme pays dÃ©tectÃ©es.
Transactions dans le mÃªme pays dÃ©tectÃ©es.
Transactions dans le mÃªme pays dÃ©tectÃ©es.
Transactions dans le mÃªme pays dÃ©tectÃ©es.
Transactions dans le mÃªme pays dÃ©tectÃ©es.
Transactions dans le mÃªme pays dÃ©tectÃ©es.
Transactions dans le mÃªme pays dÃ©tectÃ©es.
Transactions dans le mÃªme pays dÃ©tectÃ©es.
Transactions dans le mÃªme pays dÃ©tectÃ©es.
Transactions dans le mÃªme pays dÃ©tectÃ©es.
Transactions dans le mÃªme pays dÃ©tectÃ©es.
Transactions dans le mÃªme pays dÃ©tectÃ©es.
Transactions dans le mÃªme pays dÃ©tectÃ©es.
Transactions dans le mÃªme pays dÃ©tectÃ©es.
Transactions dans le mÃªme pays dÃ©tectÃ©es.
Transactions dans le mÃªme pays dÃ©tectÃ©es.
Transactions dans le mÃªme pays dÃ©tectÃ©es.
Transactions dans le mÃªme pays dÃ©tectÃ©es.
Transactions dans le mÃªme pays dÃ©tectÃ©es.
Transactions dans le mÃªme pays dÃ©tectÃ©es.
Transactions dans le mÃªme pays dÃ©tectÃ©es.
Transactions dans le mÃªme pays dÃ©tectÃ©es.
Transactions dans le mÃªme pays dÃ©tectÃ©es.
Transactions dans le mÃªme pays dÃ©tectÃ©es.
Transactions dans le mÃªme pays dÃ©tectÃ©es.
Transactions dans le mÃªme pays dÃ©tectÃ©es.
Transactions dans le mÃªme pays dÃ©tectÃ©es.
Transactions dans le mÃªme pays dÃ©tectÃ©es.
Transactions dans le mÃªme pays dÃ©tectÃ©es.
Transactions dans le mÃªme pays dÃ©tectÃ©es.
Transactions dans le mÃªme pays dÃ©tectÃ©es.
Transactions dans le mÃªme pays dÃ©tectÃ©es.
Transactions dans le mÃªme pays dÃ©tectÃ©es.
Transactions dans le mÃªme pays dÃ©tectÃ©es.
Transactions dans le mÃªme pays dÃ©tectÃ©es.
Transactions dans le mÃªme pays dÃ©tectÃ©es.
Transactions dans le mÃªme pays dÃ©tectÃ©es.
Transactions dans le mÃªme pays dÃ©tectÃ©es.
Transactions dans le mÃªme pays dÃ©tectÃ©es.
Transactions dans le mÃªme pays dÃ©tectÃ©es.
Transactions dans le mÃªme pays dÃ©tectÃ©es.
Transactions dans le mÃªme pays dÃ©tectÃ©es.
Transactions dans le mÃªme pays dÃ©tectÃ©es.
Transactions dans le mÃªme pays dÃ©tectÃ©es.
Transactions dans le mÃªme pays dÃ©tectÃ©es.
Transactions dans le mÃªme pays dÃ©tectÃ©es.
Transactions dans le mÃªme pays dÃ©tectÃ©es.
Transactions dans le mÃªme pays dÃ©tectÃ©es.
Transactions dans le mÃªme pays dÃ©tectÃ©es.
Transactions dans le mÃªme pays dÃ©tectÃ©es.
Transactions dans le mÃªme pays dÃ©tectÃ©es.
Transactions dans le mÃªme pays dÃ©tectÃ©es.
Transactions dans le mÃªme pays dÃ©tectÃ©es.
Transactions dans le mÃªme pays dÃ©tectÃ©es.
Transactions dans le mÃªme pays dÃ©tectÃ©es.
Transactions dans le mÃªme pays dÃ©tectÃ©es.
Transactions dans le mÃªme pays dÃ©tectÃ©es.
Transactions dans le mÃªme pays dÃ©tectÃ©es.
Transactions dans le mÃªme pays dÃ©tectÃ©es.
Transactions dans le mÃªme pays dÃ©tectÃ©es.
Transactions dans le mÃªme pays dÃ©tectÃ©es.
Transactions dans le mÃªme pays dÃ©tectÃ©es.
Transactions dans le mÃªme pays dÃ©tectÃ©es.
Transactions dans le mÃªme pays dÃ©tectÃ©es.
Transactions dans le mÃªme pays dÃ©tectÃ©es.
Transactions dans le mÃªme pays dÃ©tectÃ©es.
Transactions dans le mÃªme pays dÃ©tectÃ©es.
Transactions dans le mÃªme pays dÃ©tectÃ©es.
Transactions dans le mÃªme pays dÃ©tectÃ©es.
Transactions dans le mÃªme pays dÃ©tectÃ©es.
Transactions dans le mÃªme pays dÃ©tectÃ©es.
Transactions dans le mÃªme pays dÃ©tectÃ©es.
Transactions dans le mÃªme pays dÃ©tectÃ©es.
Transactions dans le mÃªme pays dÃ©tectÃ©es.
Transactions dans le mÃªme pays dÃ©tectÃ©es.
Transactions dans le mÃªme pays dÃ©tectÃ©es.
Transactions dans le mÃªme pays dÃ©tectÃ©es.
Transactions dans le mÃªme pays dÃ©tectÃ©es.
Transactions dans le mÃªme pays dÃ©tectÃ©es.
Transactions dans le mÃªme pays dÃ©tectÃ©es.
Transactions dans le mÃªme pays dÃ©tectÃ©es.
Transactions dans le mÃªme pays dÃ©tectÃ©es.
Transactions dans le mÃªme pays dÃ©tectÃ©es.
Transactions dans le mÃªme pays dÃ©tectÃ©es.
Transactions dans le mÃªme pays dÃ©tectÃ©es.
Transactions dans le mÃªme pays dÃ©tectÃ©es.
Transactions dans le mÃªme pays dÃ©tectÃ©es.
Transactions dans le mÃªme pays dÃ©tectÃ©es.
Transactions dans le mÃªme pays dÃ©tectÃ©es.
Transactions dans le mÃªme pays dÃ©tectÃ©es.
Transactions dans le mÃªme pays dÃ©tectÃ©es.
Transactions dans le mÃªme pays dÃ©tectÃ©es.
Transactions dans le mÃªme pays dÃ©tectÃ©es.
Transactions dans le mÃªme pays dÃ©tectÃ©es.
Transactions dans le mÃªme pays dÃ©tectÃ©es.
Transactions dans le mÃªme pays dÃ©tectÃ©es.
Transactions dans le mÃªme pays dÃ©tectÃ©es.
Transactions dans le mÃªme pays dÃ©tectÃ©es.
Transactions dans le mÃªme pays dÃ©tectÃ©es.
Transactions dans le mÃªme pays dÃ©tectÃ©es.
Transactions dans le mÃªme pays dÃ©tectÃ©es.
Transactions dans le mÃªme pays dÃ©tectÃ©es.
Transactions dans le mÃªme pays dÃ©tectÃ©es.
Transactions dans le mÃªme pays dÃ©tectÃ©es.
Transactions dans le mÃªme pays dÃ©tectÃ©es.
Transactions dans le mÃªme pays dÃ©tectÃ©es.
Transactions dans le mÃªme pays dÃ©tectÃ©es.
Transactions dans le mÃªme pays dÃ©tectÃ©es.
Transactions dans le mÃªme pays dÃ©tectÃ©es.
Transactions dans le mÃªme pays dÃ©tectÃ©es.
Transactions dans le mÃªme pays dÃ©tectÃ©es.
Transactions dans le mÃªme pays dÃ©tectÃ©es.
Transactions dans le mÃªme pays dÃ©tectÃ©es.
Transactions dans le mÃªme pays dÃ©tectÃ©es.
Transactions dans le mÃªme pays dÃ©tectÃ©es.
Transactions dans le mÃªme pays dÃ©tectÃ©es.
Transactions dans le mÃªme pays dÃ©tectÃ©es.
Transactions dans le mÃªme pays dÃ©tectÃ©es.
Transactions dans le mÃªme pays dÃ©tectÃ©es.
Transactions dans le mÃªme pays dÃ©tectÃ©es.
Transactions dans le mÃªme pays dÃ©tectÃ©es.
Transactions dans le mÃªme pays dÃ©tectÃ©es.
Transactions dans le mÃªme pays dÃ©tectÃ©es.
Transactions dans le mÃªme pays dÃ©tectÃ©es.
Transactions dans le mÃªme pays dÃ©tectÃ©es.
Transactions dans le mÃªme pays dÃ©tectÃ©es.
Transactions dans le mÃªme pays dÃ©tectÃ©es.
Transactions dans le mÃªme pays dÃ©tectÃ©es.
Transactions dans le mÃªme pays dÃ©tectÃ©es.
Transactions dans le mÃªme pays dÃ©tectÃ©es.
Transactions dans le mÃªme pays dÃ©tectÃ©es.
Transactions dans le mÃªme pays dÃ©tectÃ©es.
Transactions dans le mÃªme pays dÃ©tectÃ©es.
Transactions dans le mÃªme pays dÃ©tectÃ©es.
Transactions dans le mÃªme pays dÃ©tectÃ©es.
Transactions dans le mÃªme pays dÃ©tectÃ©es.
Transactions dans le mÃªme pays dÃ©tectÃ©es.
Transactions dans le mÃªme pays dÃ©tectÃ©es.
Transactions dans le mÃªme pays dÃ©tectÃ©es.
Transactions dans le mÃªme pays dÃ©tectÃ©es.
Transactions dans le mÃªme pays dÃ©tectÃ©es.
Transactions dans le mÃªme pays dÃ©tectÃ©es.
Transactions dans le mÃªme pays dÃ©tectÃ©es.
Transactions dans le mÃªme pays dÃ©tectÃ©es.
Transactions dans le mÃªme pays dÃ©tectÃ©es.
Transactions dans le mÃªme pays dÃ©tectÃ©es.
Transactions dans le mÃªme pays dÃ©tectÃ©es.
Transactions dans le mÃªme pays dÃ©tectÃ©es.
Transactions dans le mÃªme pays dÃ©tectÃ©es.
Transactions dans le mÃªme pays dÃ©tectÃ©es.
Transactions dans le mÃªme pays dÃ©tectÃ©es.
Transactions dans le mÃªme pays dÃ©tectÃ©es.
Transactions dans le mÃªme pays dÃ©tectÃ©es.
Transactions dans le mÃªme pays dÃ©tectÃ©es.
Transactions dans le mÃªme pays dÃ©tectÃ©es.
Transactions dans le mÃªme pays dÃ©tectÃ©es.
Transactions dans le mÃªme pays dÃ©tectÃ©es.
Transactions dans le mÃªme pays dÃ©tectÃ©es.
Transactions dans le mÃªme pays dÃ©tectÃ©es.
Transactions dans le mÃªme pays dÃ©tectÃ©es.
Transactions dans le mÃªme pays dÃ©tectÃ©es.
Transactions dans le mÃªme pays dÃ©tectÃ©es.
Transactions dans le mÃªme pays dÃ©tectÃ©es.
Transactions dans le mÃªme pays dÃ©tectÃ©es.
Transactions dans le mÃªme pays dÃ©tectÃ©es.
Transactions dans le mÃªme pays dÃ©tectÃ©es.
Transactions dans le mÃªme pays dÃ©tectÃ©es.
Transactions dans le mÃªme pays dÃ©tectÃ©es.
Transactions dans le mÃªme pays dÃ©tectÃ©es.
Transactions dans le mÃªme pays dÃ©tectÃ©es.
Transactions dans le mÃªme pays dÃ©tectÃ©es.
Transactions dans le mÃªme pays dÃ©tectÃ©es.
Transactions dans le mÃªme pays dÃ©tectÃ©es.
Transactions dans le mÃªme pays dÃ©tectÃ©es.
Transactions dans le mÃªme pays dÃ©tectÃ©es.
Transactions dans le mÃªme pays dÃ©tectÃ©es.
Transactions dans le mÃªme pays dÃ©tectÃ©es.
Transactions dans le mÃªme pays dÃ©tectÃ©es.
Transactions dans le mÃªme pays dÃ©tectÃ©es.
Transactions dans le mÃªme pays dÃ©tectÃ©es.
Transactions dans le mÃªme pays dÃ©tectÃ©es.
Transactions dans le mÃªme pays dÃ©tectÃ©es.
Transactions dans le mÃªme pays dÃ©tectÃ©es.
Transactions dans le mÃªme pays dÃ©tectÃ©es.
Transactions dans le mÃªme pays dÃ©tectÃ©es.
Transactions dans le mÃªme pays dÃ©tectÃ©es.
Transactions dans le mÃªme pays dÃ©tectÃ©es.
Transactions dans le mÃªme pays dÃ©tectÃ©es.
Transactions dans le mÃªme pays dÃ©tectÃ©es.
Transactions dans le mÃªme pays dÃ©tectÃ©es.
Transactions dans le mÃªme pays dÃ©tectÃ©es.
Transactions dans le mÃªme pays dÃ©tectÃ©es.
Transactions dans le mÃªme pays dÃ©tectÃ©es.
Transactions dans le mÃªme pays dÃ©tectÃ©es.
Transactions dans le mÃªme pays dÃ©tectÃ©es.
Transactions dans le mÃªme pays dÃ©tectÃ©es.
Transactions dans le mÃªme pays dÃ©tectÃ©es.
Transactions dans le mÃªme pays dÃ©tectÃ©es.
Transactions dans le mÃªme pays dÃ©tectÃ©es.
Transactions dans le mÃªme pays dÃ©tectÃ©es.
Transactions dans le mÃªme pays dÃ©tectÃ©es.
Transactions dans le mÃªme pays dÃ©tectÃ©es.
Transactions dans le mÃªme pays dÃ©tectÃ©es.
Transactions dans le mÃªme pays dÃ©tectÃ©es.
Transactions dans le mÃªme pays dÃ©tectÃ©es.
Transactions dans le mÃªme pays dÃ©tectÃ©es.
Transactions dans le mÃªme pays dÃ©tectÃ©es.
Transactions dans le mÃªme pays dÃ©tectÃ©es.
Transactions dans le mÃªme pays dÃ©tectÃ©es.
Transactions dans le mÃªme pays dÃ©tectÃ©es.
Transactions dans le mÃªme pays dÃ©tectÃ©es.
Transactions dans le mÃªme pays dÃ©tectÃ©es.
Transactions dans le mÃªme pays dÃ©tectÃ©es.
Transactions dans le mÃªme pays dÃ©tectÃ©es.
Transactions dans le mÃªme pays dÃ©tectÃ©es.
Transactions dans le mÃªme pays dÃ©tectÃ©es.
Transactions dans le mÃªme pays dÃ©tectÃ©es.
Transactions dans le mÃªme pays dÃ©tectÃ©es.
Transactions dans le mÃªme pays dÃ©tectÃ©es.
Transactions dans le mÃªme pays dÃ©tectÃ©es.
Transactions dans le mÃªme pays dÃ©tectÃ©es.
Transactions dans le mÃªme pays dÃ©tectÃ©es.
Transactions dans le mÃªme pays dÃ©tectÃ©es.
Transactions dans le mÃªme pays dÃ©tectÃ©es.
Transactions dans le mÃªme pays dÃ©tectÃ©es.
Transactions dans le mÃªme pays dÃ©tectÃ©es.
Transactions dans le mÃªme pays dÃ©tectÃ©es.
Transactions dans le mÃªme pays dÃ©tectÃ©es.
Transactions dans le mÃªme pays dÃ©tectÃ©es.
Transactions dans le mÃªme pays dÃ©tectÃ©es.
Transactions dans le mÃªme pays dÃ©tectÃ©es.
Transactions dans le mÃªme pays dÃ©tectÃ©es.
Transactions dans le mÃªme pays dÃ©tectÃ©es.
Transactions dans le mÃªme pays dÃ©tectÃ©es.
Transactions dans le mÃªme pays dÃ©tectÃ©es.
Transactions dans le mÃªme pays dÃ©tectÃ©es.
Transactions dans le mÃªme pays dÃ©tectÃ©es.
Transactions dans le mÃªme pays dÃ©tectÃ©es.
Transactions dans le mÃªme pays dÃ©tectÃ©es.
Transactions dans le mÃªme pays dÃ©tectÃ©es.
Transactions dans le mÃªme pays dÃ©tectÃ©es.
Transactions dans le mÃªme pays dÃ©tectÃ©es.
Transactions dans le mÃªme pays dÃ©tectÃ©es.
Transactions dans le mÃªme pays dÃ©tectÃ©es.
Transactions dans le mÃªme pays dÃ©tectÃ©es.
Transactions dans le mÃªme pays dÃ©tectÃ©es.
Transactions dans le mÃªme pays dÃ©tectÃ©es.
Transactions dans le mÃªme pays dÃ©tectÃ©es.
Transactions dans le mÃªme pays dÃ©tectÃ©es.
Transactions dans le mÃªme pays dÃ©tectÃ©es.
Transactions dans le mÃªme pays dÃ©tectÃ©es.
Transactions dans le mÃªme pays dÃ©tectÃ©es.
Transactions dans le mÃªme pays dÃ©tectÃ©es.
Transactions dans le mÃªme pays dÃ©tectÃ©es.
Transactions dans le mÃªme pays dÃ©tectÃ©es.
Transactions dans le mÃªme pays dÃ©tectÃ©es.
Transactions dans le mÃªme pays dÃ©tectÃ©es.
Transactions dans le mÃªme pays dÃ©tectÃ©es.
Transactions dans le mÃªme pays dÃ©tectÃ©es.
Transactions dans le mÃªme pays dÃ©tectÃ©es.
Transactions dans le mÃªme pays dÃ©tectÃ©es.
Transactions dans le mÃªme pays dÃ©tectÃ©es.
Transactions dans le mÃªme pays dÃ©tectÃ©es.
Transactions dans le mÃªme pays dÃ©tectÃ©es.
Transactions dans le mÃªme pays dÃ©tectÃ©es.
Transactions dans le mÃªme pays dÃ©tectÃ©es.
Transactions dans le mÃªme pays dÃ©tectÃ©es.
Transactions dans le mÃªme pays dÃ©tectÃ©es.
Transactions dans le mÃªme pays dÃ©tectÃ©es.
Transactions dans le mÃªme pays dÃ©tectÃ©es.
Transactions dans le mÃªme pays dÃ©tectÃ©es.
Transactions dans le mÃªme pays dÃ©tectÃ©es.
Transactions dans le mÃªme pays dÃ©tectÃ©es.
Transactions dans le mÃªme pays dÃ©tectÃ©es.
Transactions dans le mÃªme pays dÃ©tectÃ©es.
Transactions dans le mÃªme pays dÃ©tectÃ©es.
Transactions dans le mÃªme pays dÃ©tectÃ©es.
Transactions dans le mÃªme pays dÃ©tectÃ©es.
Transactions dans le mÃªme pays dÃ©tectÃ©es.
Transactions dans le mÃªme pays dÃ©tectÃ©es.
Transactions dans le mÃªme pays dÃ©tectÃ©es.
Transactions dans le mÃªme pays dÃ©tectÃ©es.
Transactions dans le mÃªme pays dÃ©tectÃ©es.
Transactions dans le mÃªme pays dÃ©tectÃ©es.
Transactions dans le mÃªme pays dÃ©tectÃ©es.
Transactions dans le mÃªme pays dÃ©tectÃ©es.
Transactions dans le mÃªme pays dÃ©tectÃ©es.
Transactions dans le mÃªme pays dÃ©tectÃ©es.
Transactions dans le mÃªme pays dÃ©tectÃ©es.
Transactions dans le mÃªme pays dÃ©tectÃ©es.
Transactions dans le mÃªme pays dÃ©tectÃ©es.
Transactions dans le mÃªme pays dÃ©tectÃ©es.
Transactions dans le mÃªme pays dÃ©tectÃ©es.
Transactions dans le mÃªme pays dÃ©tectÃ©es.
Transactions dans le mÃªme pays dÃ©tectÃ©es.
Transactions dans le mÃªme pays dÃ©tectÃ©es.
Transactions dans le mÃªme pays dÃ©tectÃ©es.
Transactions dans le mÃªme pays dÃ©tectÃ©es.
Transactions dans le mÃªme pays dÃ©tectÃ©es.
Transactions dans le mÃªme pays dÃ©tectÃ©es.
Transactions dans le mÃªme pays dÃ©tectÃ©es.
Transactions dans le mÃªme pays dÃ©tectÃ©es.
Transactions dans le mÃªme pays dÃ©tectÃ©es.
Transactions dans le mÃªme pays dÃ©tectÃ©es.
Transactions dans le mÃªme pays dÃ©tectÃ©es.
Transactions dans le mÃªme pays dÃ©tectÃ©es.
Transactions dans le mÃªme pays dÃ©tectÃ©es.
Transactions dans le mÃªme pays dÃ©tectÃ©es.
Transactions dans le mÃªme pays dÃ©tectÃ©es.
Transactions dans le mÃªme pays dÃ©tectÃ©es.
Transactions dans le mÃªme pays dÃ©tectÃ©es.
Transactions dans le mÃªme pays dÃ©tectÃ©es.
Transactions dans le mÃªme pays dÃ©tectÃ©es.
Transactions dans le mÃªme pays dÃ©tectÃ©es.
Transactions dans le mÃªme pays dÃ©tectÃ©es.
Transactions dans le mÃªme pays dÃ©tectÃ©es.
Transactions dans le mÃªme pays dÃ©tectÃ©es.
Transactions dans le mÃªme pays dÃ©tectÃ©es.
Transactions dans le mÃªme pays dÃ©tectÃ©es.
Transactions dans le mÃªme pays dÃ©tectÃ©es.
Transactions dans le mÃªme pays dÃ©tectÃ©es.
Transactions dans le mÃªme pays dÃ©tectÃ©es.
Transactions dans le mÃªme pays dÃ©tectÃ©es.
Transactions dans le mÃªme pays dÃ©tectÃ©es.
Transactions dans le mÃªme pays dÃ©tectÃ©es.
Transactions dans le mÃªme pays dÃ©tectÃ©es.
Transactions dans le mÃªme pays dÃ©tectÃ©es.
Transactions dans le mÃªme pays dÃ©tectÃ©es.
Transactions dans le mÃªme pays dÃ©tectÃ©es.
Transactions dans le mÃªme pays dÃ©tectÃ©es.
Transactions dans le mÃªme pays dÃ©tectÃ©es.
Transactions dans le mÃªme pays dÃ©tectÃ©es.
Transactions dans le mÃªme pays dÃ©tectÃ©es.
Transactions dans le mÃªme pays dÃ©tectÃ©es.
Transactions dans le mÃªme pays dÃ©tectÃ©es.
Transactions dans le mÃªme pays dÃ©tectÃ©es.
Transactions dans le mÃªme pays dÃ©tectÃ©es.
Transactions dans le mÃªme pays dÃ©tectÃ©es.
Transactions dans le mÃªme pays dÃ©tectÃ©es.
Transactions dans le mÃªme pays dÃ©tectÃ©es.
Transactions dans le mÃªme pays dÃ©tectÃ©es.
Transactions dans le mÃªme pays dÃ©tectÃ©es.
Transactions dans le mÃªme pays dÃ©tectÃ©es.
Transactions dans le mÃªme pays dÃ©tectÃ©es.
Transactions dans le mÃªme pays dÃ©tectÃ©es.
Transactions dans le mÃªme pays dÃ©tectÃ©es.
Transactions dans le mÃªme pays dÃ©tectÃ©es.
Transactions dans le mÃªme pays dÃ©tectÃ©es.
Transactions dans le mÃªme pays dÃ©tectÃ©es.
Transactions dans le mÃªme pays dÃ©tectÃ©es.
Transactions dans le mÃªme pays dÃ©tectÃ©es.
Transactions dans le mÃªme pays dÃ©tectÃ©es.
Transactions dans le mÃªme pays dÃ©tectÃ©es.
Transactions dans le mÃªme pays dÃ©tectÃ©es.
Transactions dans le mÃªme pays dÃ©tectÃ©es.
Transactions dans le mÃªme pays dÃ©tectÃ©es.
Transactions dans le mÃªme pays dÃ©tectÃ©es.
Transactions dans le mÃªme pays dÃ©tectÃ©es.
Transactions dans le mÃªme pays dÃ©tectÃ©es.
Transactions dans le mÃªme pays dÃ©tectÃ©es.
Transactions dans le mÃªme pays dÃ©tectÃ©es.
Transactions dans le mÃªme pays dÃ©tectÃ©es.
Transactions dans le mÃªme pays dÃ©tectÃ©es.
Transactions dans le mÃªme pays dÃ©tectÃ©es.
Transactions dans le mÃªme pays dÃ©tectÃ©es.
Transactions dans le mÃªme pays dÃ©tectÃ©es.
Transactions dans le mÃªme pays dÃ©tectÃ©es.
Transactions dans le mÃªme pays dÃ©tectÃ©es.
Transactions dans le mÃªme pays dÃ©tectÃ©es.
Transactions dans le mÃªme pays dÃ©tectÃ©es.
Transactions dans le mÃªme pays dÃ©tectÃ©es.
Transactions dans le mÃªme pays dÃ©tectÃ©es.
Transactions dans le mÃªme pays dÃ©tectÃ©es.
Transactions dans le mÃªme pays dÃ©tectÃ©es.
Transactions dans le mÃªme pays dÃ©tectÃ©es.
Transactions dans le mÃªme pays dÃ©tectÃ©es.
Transactions dans le mÃªme pays dÃ©tectÃ©es.
Transactions dans le mÃªme pays dÃ©tectÃ©es.
Transactions dans le mÃªme pays dÃ©tectÃ©es.
Transactions dans le mÃªme pays dÃ©tectÃ©es.
Transactions dans le mÃªme pays dÃ©tectÃ©es.
Transactions dans le mÃªme pays dÃ©tectÃ©es.
Transactions dans le mÃªme pays dÃ©tectÃ©es.
Transactions dans le mÃªme pays dÃ©tectÃ©es.
Transactions dans le mÃªme pays dÃ©tectÃ©es.
Transactions dans le mÃªme pays dÃ©tectÃ©es.
Transactions dans le mÃªme pays dÃ©tectÃ©es.
Transactions dans le mÃªme pays dÃ©tectÃ©es.
Transactions dans le mÃªme pays dÃ©tectÃ©es.
Transactions dans le mÃªme pays dÃ©tectÃ©es.
Transactions dans le mÃªme pays dÃ©tectÃ©es.
Transactions dans le mÃªme pays dÃ©tectÃ©es.
Transactions dans le mÃªme pays dÃ©tectÃ©es.
Transactions dans le mÃªme pays dÃ©tectÃ©es.
Transactions dans le mÃªme pays dÃ©tectÃ©es.
Transactions dans le mÃªme pays dÃ©tectÃ©es.
Transactions dans le mÃªme pays dÃ©tectÃ©es.
Transactions dans le mÃªme pays dÃ©tectÃ©es.
Transactions dans le mÃªme pays dÃ©tectÃ©es.
Transactions dans le mÃªme pays dÃ©tectÃ©es.
Transactions dans le mÃªme pays dÃ©tectÃ©es.
Transactions dans le mÃªme pays dÃ©tectÃ©es.
Transactions dans le mÃªme pays dÃ©tectÃ©es.
Transactions dans le mÃªme pays dÃ©tectÃ©es.
Transactions dans le mÃªme pays dÃ©tectÃ©es.
Transactions dans le mÃªme pays dÃ©tectÃ©es.
Transactions dans le mÃªme pays dÃ©tectÃ©es.
Transactions dans le mÃªme pays dÃ©tectÃ©es.
Transactions dans le mÃªme pays dÃ©tectÃ©es.
Transactions dans le mÃªme pays dÃ©tectÃ©es.
Transactions dans le mÃªme pays dÃ©tectÃ©es.
Transactions dans le mÃªme pays dÃ©tectÃ©es.
Transactions dans le mÃªme pays dÃ©tectÃ©es.
Transactions dans le mÃªme pays dÃ©tectÃ©es.
Transactions dans le mÃªme pays dÃ©tectÃ©es.
Transactions dans le mÃªme pays dÃ©tectÃ©es.
Transactions dans le mÃªme pays dÃ©tectÃ©es.
Transactions dans le mÃªme pays dÃ©tectÃ©es.
Transactions dans le mÃªme pays dÃ©tectÃ©es.
Transactions dans le mÃªme pays dÃ©tectÃ©es.
Transactions dans le mÃªme pays dÃ©tectÃ©es.
Transactions dans le mÃªme pays dÃ©tectÃ©es.
Transactions dans le mÃªme pays dÃ©tectÃ©es.
Transactions dans le mÃªme pays dÃ©tectÃ©es.
Transactions dans le mÃªme pays dÃ©tectÃ©es.
Transactions dans le mÃªme pays dÃ©tectÃ©es.
Transactions dans le mÃªme pays dÃ©tectÃ©es.
Transactions dans le mÃªme pays dÃ©tectÃ©es.
Transactions dans le mÃªme pays dÃ©tectÃ©es.
Transactions dans le mÃªme pays dÃ©tectÃ©es.
Transactions dans le mÃªme pays dÃ©tectÃ©es.
Transactions dans le mÃªme pays dÃ©tectÃ©es.
Transactions dans le mÃªme pays dÃ©tectÃ©es.
Transactions dans le mÃªme pays dÃ©tectÃ©es.
Transactions dans le mÃªme pays dÃ©tectÃ©es.
Transactions dans le mÃªme pays dÃ©tectÃ©es.
Transactions dans le mÃªme pays dÃ©tectÃ©es.
Transactions dans le mÃªme pays dÃ©tectÃ©es.
Transactions dans le mÃªme pays dÃ©tectÃ©es.
Transactions dans le mÃªme pays dÃ©tectÃ©es.
Transactions dans le mÃªme pays dÃ©tectÃ©es.
Transactions dans le mÃªme pays dÃ©tectÃ©es.
Transactions dans le mÃªme pays dÃ©tectÃ©es.
Transactions dans le mÃªme pays dÃ©tectÃ©es.
Transactions dans le mÃªme pays dÃ©tectÃ©es.
Transactions dans le mÃªme pays dÃ©tectÃ©es.
Transactions dans le mÃªme pays dÃ©tectÃ©es.
Transactions dans le mÃªme pays dÃ©tectÃ©es.
Transactions dans le mÃªme pays dÃ©tectÃ©es.
Transactions dans le mÃªme pays dÃ©tectÃ©es.
Transactions dans le mÃªme pays dÃ©tectÃ©es.
Transactions dans le mÃªme pays dÃ©tectÃ©es.
Transactions dans le mÃªme pays dÃ©tectÃ©es.
Transactions dans le mÃªme pays dÃ©tectÃ©es.
Transactions dans le mÃªme pays dÃ©tectÃ©es.
Transactions dans le mÃªme pays dÃ©tectÃ©es.
Transactions dans le mÃªme pays dÃ©tectÃ©es.
Transactions dans le mÃªme pays dÃ©tectÃ©es.
Transactions dans le mÃªme pays dÃ©tectÃ©es.
Transactions dans le mÃªme pays dÃ©tectÃ©es.
Transactions dans le mÃªme pays dÃ©tectÃ©es.
Transactions dans le mÃªme pays dÃ©tectÃ©es.
Transactions dans le mÃªme pays dÃ©tectÃ©es.
Transactions dans le mÃªme pays dÃ©tectÃ©es.
Transactions dans le mÃªme pays dÃ©tectÃ©es.
Transactions dans le mÃªme pays dÃ©tectÃ©es.
Transactions dans le mÃªme pays dÃ©tectÃ©es.
Transactions dans le mÃªme pays dÃ©tectÃ©es.
Transactions dans le mÃªme pays dÃ©tectÃ©es.
Transactions dans le mÃªme pays dÃ©tectÃ©es.
Transactions dans le mÃªme pays dÃ©tectÃ©es.
Transactions dans le mÃªme pays dÃ©tectÃ©es.
Transactions dans le mÃªme pays dÃ©tectÃ©es.
Transactions dans le mÃªme pays dÃ©tectÃ©es.
Transactions dans le mÃªme pays dÃ©tectÃ©es.
Transactions dans le mÃªme pays dÃ©tectÃ©es.
Transactions dans le mÃªme pays dÃ©tectÃ©es.
Transactions dans le mÃªme pays dÃ©tectÃ©es.
Transactions dans le mÃªme pays dÃ©tectÃ©es.
Transactions dans le mÃªme pays dÃ©tectÃ©es.
Transactions dans le mÃªme pays dÃ©tectÃ©es.
Transactions dans le mÃªme pays dÃ©tectÃ©es.
Transactions dans le mÃªme pays dÃ©tectÃ©es.
Transactions dans le mÃªme pays dÃ©tectÃ©es.
Transactions dans le mÃªme pays dÃ©tectÃ©es.
Transactions dans le mÃªme pays dÃ©tectÃ©es.
Transactions dans le mÃªme pays dÃ©tectÃ©es.
Transactions dans le mÃªme pays dÃ©tectÃ©es.
Transactions dans le mÃªme pays dÃ©tectÃ©es.
Transactions dans le mÃªme pays dÃ©tectÃ©es.
Transactions dans le mÃªme pays dÃ©tectÃ©es.
Transactions dans le mÃªme pays dÃ©tectÃ©es.
Transactions dans le mÃªme pays dÃ©tectÃ©es.
Transactions dans le mÃªme pays dÃ©tectÃ©es.
Transactions dans le mÃªme pays dÃ©tectÃ©es.
Transactions dans le mÃªme pays dÃ©tectÃ©es.
Transactions dans le mÃªme pays dÃ©tectÃ©es.
Transactions dans le mÃªme pays dÃ©tectÃ©es.
Transactions dans le mÃªme pays dÃ©tectÃ©es.
Transactions dans le mÃªme pays dÃ©tectÃ©es.
Transactions dans le mÃªme pays dÃ©tectÃ©es.
Transactions dans le mÃªme pays dÃ©tectÃ©es.
Transactions dans le mÃªme pays dÃ©tectÃ©es.
Transactions dans le mÃªme pays dÃ©tectÃ©es.
Transactions dans le mÃªme pays dÃ©tectÃ©es.
Transactions dans le mÃªme pays dÃ©tectÃ©es.
Transactions dans le mÃªme pays dÃ©tectÃ©es.
Transactions dans le mÃªme pays dÃ©tectÃ©es.
Transactions dans le mÃªme pays dÃ©tectÃ©es.
Transactions dans le mÃªme pays dÃ©tectÃ©es.
Transactions dans le mÃªme pays dÃ©tectÃ©es.
Transactions dans le mÃªme pays dÃ©tectÃ©es.
Transactions dans le mÃªme pays dÃ©tectÃ©es.
Transactions dans le mÃªme pays dÃ©tectÃ©es.
Transactions dans le mÃªme pays dÃ©tectÃ©es.
Transactions dans le mÃªme pays dÃ©tectÃ©es.
Transactions dans le mÃªme pays dÃ©tectÃ©es.
Transactions dans le mÃªme pays dÃ©tectÃ©es.
Transactions dans le mÃªme pays dÃ©tectÃ©es.
Transactions dans le mÃªme pays dÃ©tectÃ©es.
Transactions dans le mÃªme pays dÃ©tectÃ©es.
Transactions dans le mÃªme pays dÃ©tectÃ©es.
Transactions dans le mÃªme pays dÃ©tectÃ©es.
Transactions dans le mÃªme pays dÃ©tectÃ©es.
Transactions dans le mÃªme pays dÃ©tectÃ©es.
Transactions dans le mÃªme pays dÃ©tectÃ©es.
Transactions dans le mÃªme pays dÃ©tectÃ©es.
Transactions dans le mÃªme pays dÃ©tectÃ©es.
Transactions dans le mÃªme pays dÃ©tectÃ©es.
Transactions dans le mÃªme pays dÃ©tectÃ©es.
Transactions dans le mÃªme pays dÃ©tectÃ©es.
Transactions dans le mÃªme pays dÃ©tectÃ©es.
Transactions dans le mÃªme pays dÃ©tectÃ©es.
Transactions dans le mÃªme pays dÃ©tectÃ©es.
Transactions dans le mÃªme pays dÃ©tectÃ©es.
Transactions dans le mÃªme pays dÃ©tectÃ©es.
Transactions dans le mÃªme pays dÃ©tectÃ©es.
Transactions dans le mÃªme pays dÃ©tectÃ©es.
Transactions dans le mÃªme pays dÃ©tectÃ©es.
Transactions dans le mÃªme pays dÃ©tectÃ©es.
Transactions dans le mÃªme pays dÃ©tectÃ©es.
Transactions dans le mÃªme pays dÃ©tectÃ©es.
Transactions dans le mÃªme pays dÃ©tectÃ©es.
Transactions dans le mÃªme pays dÃ©tectÃ©es.
Transactions dans le mÃªme pays dÃ©tectÃ©es.
Transactions dans le mÃªme pays dÃ©tectÃ©es.
Transactions dans le mÃªme pays dÃ©tectÃ©es.
Transactions dans le mÃªme pays dÃ©tectÃ©es.
Transactions dans le mÃªme pays dÃ©tectÃ©es.
Transactions dans le mÃªme pays dÃ©tectÃ©es.
Transactions dans le mÃªme pays dÃ©tectÃ©es.
Transactions dans le mÃªme pays dÃ©tectÃ©es.
Transactions dans le mÃªme pays dÃ©tectÃ©es.
Transactions dans le mÃªme pays dÃ©tectÃ©es.
Transactions dans le mÃªme pays dÃ©tectÃ©es.
Transactions dans le mÃªme pays dÃ©tectÃ©es.
Transactions dans le mÃªme pays dÃ©tectÃ©es.
Transactions dans le mÃªme pays dÃ©tectÃ©es.
Transactions dans le mÃªme pays dÃ©tectÃ©es.
Transactions dans le mÃªme pays dÃ©tectÃ©es.
Transactions dans le mÃªme pays dÃ©tectÃ©es.
Transactions dans le mÃªme pays dÃ©tectÃ©es.
Transactions dans le mÃªme pays dÃ©tectÃ©es.
Transactions dans le mÃªme pays dÃ©tectÃ©es.
Transactions dans le mÃªme pays dÃ©tectÃ©es.
Transactions dans le mÃªme pays dÃ©tectÃ©es.
Transactions dans le mÃªme pays dÃ©tectÃ©es.
Transactions dans le mÃªme pays dÃ©tectÃ©es.
Transactions dans le mÃªme pays dÃ©tectÃ©es.
Transactions dans le mÃªme pays dÃ©tectÃ©es.
Transactions dans le mÃªme pays dÃ©tectÃ©es.
Transactions dans le mÃªme pays dÃ©tectÃ©es.
Transactions dans le mÃªme pays dÃ©tectÃ©es.
Transactions dans le mÃªme pays dÃ©tectÃ©es.
Transactions dans le mÃªme pays dÃ©tectÃ©es.
Transactions dans le mÃªme pays dÃ©tectÃ©es.
Transactions dans le mÃªme pays dÃ©tectÃ©es.
Transactions dans le mÃªme pays dÃ©tectÃ©es.
Transactions dans le mÃªme pays dÃ©tectÃ©es.
Transactions dans le mÃªme pays dÃ©tectÃ©es.
Transactions dans le mÃªme pays dÃ©tectÃ©es.
Transactions dans le mÃªme pays dÃ©tectÃ©es.
Transactions dans le mÃªme pays dÃ©tectÃ©es.
Transactions dans le mÃªme pays dÃ©tectÃ©es.
Transactions dans le mÃªme pays dÃ©tectÃ©es.
Transactions dans le mÃªme pays dÃ©tectÃ©es.
Transactions dans le mÃªme pays dÃ©tectÃ©es.
Transactions dans le mÃªme pays dÃ©tectÃ©es.
Transactions dans le mÃªme pays dÃ©tectÃ©es.
Transactions dans le mÃªme pays dÃ©tectÃ©es.
Transactions dans le mÃªme pays dÃ©tectÃ©es.
Transactions dans le mÃªme pays dÃ©tectÃ©es.
Transactions dans le mÃªme pays dÃ©tectÃ©es.
Transactions dans le mÃªme pays dÃ©tectÃ©es.
Transactions dans le mÃªme pays dÃ©tectÃ©es.
Transactions dans le mÃªme pays dÃ©tectÃ©es.
Transactions dans le mÃªme pays dÃ©tectÃ©es.
Transactions dans le mÃªme pays dÃ©tectÃ©es.
Transactions dans le mÃªme pays dÃ©tectÃ©es.
Transactions dans le mÃªme pays dÃ©tectÃ©es.
Transactions dans le mÃªme pays dÃ©tectÃ©es.
Transactions dans le mÃªme pays dÃ©tectÃ©es.
Transactions dans le mÃªme pays dÃ©tectÃ©es.
Transactions dans le mÃªme pays dÃ©tectÃ©es.
Transactions dans le mÃªme pays dÃ©tectÃ©es.
Transactions dans le mÃªme pays dÃ©tectÃ©es.
Transactions dans le mÃªme pays dÃ©tectÃ©es.
Transactions dans le mÃªme pays dÃ©tectÃ©es.
Transactions dans le mÃªme pays dÃ©tectÃ©es.
Transactions dans le mÃªme pays dÃ©tectÃ©es.
Transactions dans le mÃªme pays dÃ©tectÃ©es.
Transactions dans le mÃªme pays dÃ©tectÃ©es.
Transactions dans le mÃªme pays dÃ©tectÃ©es.
Transactions dans le mÃªme pays dÃ©tectÃ©es.
Transactions dans le mÃªme pays dÃ©tectÃ©es.
Transactions dans le mÃªme pays dÃ©tectÃ©es.
Transactions dans le mÃªme pays dÃ©tectÃ©es.
Transactions dans le mÃªme pays dÃ©tectÃ©es.
Transactions dans le mÃªme pays dÃ©tectÃ©es.
Transactions dans le mÃªme pays dÃ©tectÃ©es.
Transactions dans le mÃªme pays dÃ©tectÃ©es.
Transactions dans le mÃªme pays dÃ©tectÃ©es.
Transactions dans le mÃªme pays dÃ©tectÃ©es.
Transactions dans le mÃªme pays dÃ©tectÃ©es.
Transactions dans le mÃªme pays dÃ©tectÃ©es.
Transactions dans le mÃªme pays dÃ©tectÃ©es.
Transactions dans le mÃªme pays dÃ©tectÃ©es.
Transactions dans le mÃªme pays dÃ©tectÃ©es.
Transactions dans le mÃªme pays dÃ©tectÃ©es.
[...]
Transactions dans le mÃªme pays dÃ©tectÃ©es.
Transactions dans le mÃªme pays dÃ©tectÃ©es.
Transactions dans le mÃªme pays dÃ©tectÃ©es.
Transactions dans le mÃªme pays dÃ©tectÃ©es.
Transactions dans le mÃªme pays dÃ©tectÃ©es.
Transactions dans le mÃªme pays dÃ©tectÃ©es.
Transactions dans le mÃªme pays dÃ©tectÃ©es.
Transactions dans le mÃªme pays dÃ©tectÃ©es.
Transactions dans le mÃªme pays dÃ©tectÃ©es.
Transactions dans le mÃªme pays dÃ©tectÃ©es.
Transactions dans le mÃªme pays dÃ©tectÃ©es.
Transactions dans le mÃªme pays dÃ©tectÃ©es.
Transactions dans le mÃªme pays dÃ©tectÃ©es.
Transactions dans le mÃªme pays dÃ©tectÃ©es.
Transactions dans le mÃªme pays dÃ©tectÃ©es.
Transactions dans le mÃªme pays dÃ©tectÃ©es.
Transactions dans le mÃªme pays dÃ©tectÃ©es.
Transactions dans le mÃªme pays dÃ©tectÃ©es.
Transactions dans le mÃªme pays dÃ©tectÃ©es.
Transactions dans le mÃªme pays dÃ©tectÃ©es.
Transactions dans le mÃªme pays dÃ©tectÃ©es.
Transactions dans le mÃªme pays dÃ©tectÃ©es.
Transactions dans le mÃªme pays dÃ©tectÃ©es.
Transactions dans le mÃªme pays dÃ©tectÃ©es.
Transactions dans le mÃªme pays dÃ©tectÃ©es.
Transactions dans le mÃªme pays dÃ©tectÃ©es.
Transactions dans le mÃªme pays dÃ©tectÃ©es.
Transactions dans le mÃªme pays dÃ©tectÃ©es.
Transactions dans le mÃªme pays dÃ©tectÃ©es.
Transactions dans le mÃªme pays dÃ©tectÃ©es.
Transactions dans le mÃªme pays dÃ©tectÃ©es.
Transactions dans le mÃªme pays dÃ©tectÃ©es.
Transactions dans le mÃªme pays dÃ©tectÃ©es.
Transactions dans le mÃªme pays dÃ©tectÃ©es.
Transactions dans le mÃªme pays dÃ©tectÃ©es.
Transactions dans le mÃªme pays dÃ©tectÃ©es.
Transactions dans le mÃªme pays dÃ©tectÃ©es.
Transactions dans le mÃªme pays dÃ©tectÃ©es.
Transactions dans le mÃªme pays dÃ©tectÃ©es.
Transactions dans le mÃªme pays dÃ©tectÃ©es.
Transactions dans le mÃªme pays dÃ©tectÃ©es.
Transactions dans le mÃªme pays dÃ©tectÃ©es.
Transactions dans le mÃªme pays dÃ©tectÃ©es.
Transactions dans le mÃªme pays dÃ©tectÃ©es.
Transactions dans le mÃªme pays dÃ©tectÃ©es.
Transactions dans le mÃªme pays dÃ©tectÃ©es.
Transactions dans le mÃªme pays dÃ©tectÃ©es.
Transactions dans le mÃªme pays dÃ©tectÃ©es.
Transactions dans le mÃªme pays dÃ©tectÃ©es.
Transactions dans le mÃªme pays dÃ©tectÃ©es.
Transactions dans le mÃªme pays dÃ©tectÃ©es.
Transactions dans le mÃªme pays dÃ©tectÃ©es.
Transactions dans le mÃªme pays dÃ©tectÃ©es.
Transactions dans le mÃªme pays dÃ©tectÃ©es.
Transactions dans le mÃªme pays dÃ©tectÃ©es.
Transactions dans le mÃªme pays dÃ©tectÃ©es.
Transactions dans le mÃªme pays dÃ©tectÃ©es.
Transactions dans le mÃªme pays dÃ©tectÃ©es.
Transactions dans le mÃªme pays dÃ©tectÃ©es.
Transactions dans le mÃªme pays dÃ©tectÃ©es.
Transactions dans le mÃªme pays dÃ©tectÃ©es.
Transactions dans le mÃªme pays dÃ©tectÃ©es.
Transactions dans le mÃªme pays dÃ©tectÃ©es.
Transactions dans le mÃªme pays dÃ©tectÃ©es.
Transactions dans le mÃªme pays dÃ©tectÃ©es.
Transactions dans le mÃªme pays dÃ©tectÃ©es.
Transactions dans le mÃªme pays dÃ©tectÃ©es.
Transactions dans le mÃªme pays dÃ©tectÃ©es.
Transactions dans le mÃªme pays dÃ©tectÃ©es.
Transactions dans le mÃªme pays dÃ©tectÃ©es.
Transactions dans le mÃªme pays dÃ©tectÃ©es.
Transactions dans le mÃªme pays dÃ©tectÃ©es.
Transactions dans le mÃªme pays dÃ©tectÃ©es.
Transactions dans le mÃªme pays dÃ©tectÃ©es.
Transactions dans le mÃªme pays dÃ©tectÃ©es.
Transactions dans le mÃªme pays dÃ©tectÃ©es.
Transactions dans le mÃªme pays dÃ©tectÃ©es.
Transactions dans le mÃªme pays dÃ©tectÃ©es.
Transactions dans le mÃªme pays dÃ©tectÃ©es.
Transactions dans le mÃªme pays dÃ©tectÃ©es.
Transactions dans le mÃªme pays dÃ©tectÃ©es.
Transactions dans le mÃªme pays dÃ©tectÃ©es.
Transactions dans le mÃªme pays dÃ©tectÃ©es.
Transactions dans le mÃªme pays dÃ©tectÃ©es.
Transactions dans le mÃªme pays dÃ©tectÃ©es.
Transactions dans le mÃªme pays dÃ©tectÃ©es.
Transactions dans le mÃªme pays dÃ©tectÃ©es.
Transactions dans le mÃªme pays dÃ©tectÃ©es.
Transactions dans le mÃªme pays dÃ©tectÃ©es.
Transactions dans le mÃªme pays dÃ©tectÃ©es.
Transactions dans le mÃªme pays dÃ©tectÃ©es.
Transactions dans le mÃªme pays dÃ©tectÃ©es.
Transactions dans le mÃªme pays dÃ©tectÃ©es.
Transactions dans le mÃªme pays dÃ©tectÃ©es.
Transactions dans le mÃªme pays dÃ©tectÃ©es.
Transactions dans le mÃªme pays dÃ©tectÃ©es.
Transactions dans le mÃªme pays dÃ©tectÃ©es.
Transactions dans le mÃªme pays dÃ©tectÃ©es.
Transactions dans le mÃªme pays dÃ©tectÃ©es.
Transactions dans le mÃªme pays dÃ©tectÃ©es.
Transactions dans le mÃªme pays dÃ©tectÃ©es.
Transactions dans le mÃªme pays dÃ©tectÃ©es.
Transactions dans le mÃªme pays dÃ©tectÃ©es.
Transactions dans le mÃªme pays dÃ©tectÃ©es.
Transactions dans le mÃªme pays dÃ©tectÃ©es.
Transactions dans le mÃªme pays dÃ©tectÃ©es.
Transactions dans le mÃªme pays dÃ©tectÃ©es.
Transactions dans le mÃªme pays dÃ©tectÃ©es.
Transactions dans le mÃªme pays dÃ©tectÃ©es.
Transactions dans le mÃªme pays dÃ©tectÃ©es.
Transactions dans le mÃªme pays dÃ©tectÃ©es.
Transactions dans le mÃªme pays dÃ©tectÃ©es.
Transactions dans le mÃªme pays dÃ©tectÃ©es.
Transactions dans le mÃªme pays dÃ©tectÃ©es.
Transactions dans le mÃªme pays dÃ©tectÃ©es.
Transactions dans le mÃªme pays dÃ©tectÃ©es.
Transactions dans le mÃªme pays dÃ©tectÃ©es.
Transactions dans le mÃªme pays dÃ©tectÃ©es.
Transactions dans le mÃªme pays dÃ©tectÃ©es.
Transactions dans le mÃªme pays dÃ©tectÃ©es.
Transactions dans le mÃªme pays dÃ©tectÃ©es.
Transactions dans le mÃªme pays dÃ©tectÃ©es.
Transactions dans le mÃªme pays dÃ©tectÃ©es.
Transactions dans le mÃªme pays dÃ©tectÃ©es.
Transactions dans le mÃªme pays dÃ©tectÃ©es.
Transactions dans le mÃªme pays dÃ©tectÃ©es.
Transactions dans le mÃªme pays dÃ©tectÃ©es.
Transactions dans le mÃªme pays dÃ©tectÃ©es.
Transactions dans le mÃªme pays dÃ©tectÃ©es.
Transactions dans le mÃªme pays dÃ©tectÃ©es.
Transactions dans le mÃªme pays dÃ©tectÃ©es.
Transactions dans le mÃªme pays dÃ©tectÃ©es.
Transactions dans le mÃªme pays dÃ©tectÃ©es.
Transactions dans le mÃªme pays dÃ©tectÃ©es.
Transactions dans le mÃªme pays dÃ©tectÃ©es.
Transactions dans le mÃªme pays dÃ©tectÃ©es.
Transactions dans le mÃªme pays dÃ©tectÃ©es.
Transactions dans le mÃªme pays dÃ©tectÃ©es.
Transactions dans le mÃªme pays dÃ©tectÃ©es.
Transactions dans le mÃªme pays dÃ©tectÃ©es.
Transactions dans le mÃªme pays dÃ©tectÃ©es.
Transactions dans le mÃªme pays dÃ©tectÃ©es.
Transactions dans le mÃªme pays dÃ©tectÃ©es.
Transactions dans le mÃªme pays dÃ©tectÃ©es.
Transactions dans le mÃªme pays dÃ©tectÃ©es.
Transactions dans le mÃªme pays dÃ©tectÃ©es.
Transactions dans le mÃªme pays dÃ©tectÃ©es.
Transactions dans le mÃªme pays dÃ©tectÃ©es.
Transactions dans le mÃªme pays dÃ©tectÃ©es.
Transactions dans le mÃªme pays dÃ©tectÃ©es.
Transactions dans le mÃªme pays dÃ©tectÃ©es.
Transactions dans le mÃªme pays dÃ©tectÃ©es.
Transactions dans le mÃªme pays dÃ©tectÃ©es.
Transactions dans le mÃªme pays dÃ©tectÃ©es.
Transactions dans le mÃªme pays dÃ©tectÃ©es.
Transactions dans le mÃªme pays dÃ©tectÃ©es.
Transactions dans le mÃªme pays dÃ©tectÃ©es.
Transactions dans le mÃªme pays dÃ©tectÃ©es.
Transactions dans le mÃªme pays dÃ©tectÃ©es.
Transactions dans le mÃªme pays dÃ©tectÃ©es.
Transactions dans le mÃªme pays dÃ©tectÃ©es.
Transactions dans le mÃªme pays dÃ©tectÃ©es.
Transactions dans le mÃªme pays dÃ©tectÃ©es.
Transactions dans le mÃªme pays dÃ©tectÃ©es.
Transactions dans le mÃªme pays dÃ©tectÃ©es.
Transactions dans le mÃªme pays dÃ©tectÃ©es.
Transactions dans le mÃªme pays dÃ©tectÃ©es.
Transactions dans le mÃªme pays dÃ©tectÃ©es.
Transactions dans le mÃªme pays dÃ©tectÃ©es.
Transactions dans le mÃªme pays dÃ©tectÃ©es.
Transactions dans le mÃªme pays dÃ©tectÃ©es.
Transactions dans le mÃªme pays dÃ©tectÃ©es.
Transactions dans le mÃªme pays dÃ©tectÃ©es.
Transactions dans le mÃªme pays dÃ©tectÃ©es.
Transactions dans le mÃªme pays dÃ©tectÃ©es.
Transactions dans le mÃªme pays dÃ©tectÃ©es.
Transactions dans le mÃªme pays dÃ©tectÃ©es.
Transactions dans le mÃªme pays dÃ©tectÃ©es.
Transactions dans le mÃªme pays dÃ©tectÃ©es.
Transactions dans le mÃªme pays dÃ©tectÃ©es.
Transactions dans le mÃªme pays dÃ©tectÃ©es.
Transactions dans le mÃªme pays dÃ©tectÃ©es.
Transactions dans le mÃªme pays dÃ©tectÃ©es.
Transactions dans le mÃªme pays dÃ©tectÃ©es.
Transactions dans le mÃªme pays dÃ©tectÃ©es.
Transactions dans le mÃªme pays dÃ©tectÃ©es.
Transactions dans le mÃªme pays dÃ©tectÃ©es.
Transactions dans le mÃªme pays dÃ©tectÃ©es.
Transactions dans le mÃªme pays dÃ©tectÃ©es.
Transactions dans le mÃªme pays dÃ©tectÃ©es.
Transactions dans le mÃªme pays dÃ©tectÃ©es.
Transactions dans le mÃªme pays dÃ©tectÃ©es.
Transactions dans le mÃªme pays dÃ©tectÃ©es.
Transactions dans le mÃªme pays dÃ©tectÃ©es.
Transactions dans le mÃªme pays dÃ©tectÃ©es.
Transactions dans le mÃªme pays dÃ©tectÃ©es.
Transactions dans le mÃªme pays dÃ©tectÃ©es.
Transactions dans le mÃªme pays dÃ©tectÃ©es.
Transactions dans le mÃªme pays dÃ©tectÃ©es.
Transactions dans le mÃªme pays dÃ©tectÃ©es.
Transactions dans le mÃªme pays dÃ©tectÃ©es.
Transactions dans le mÃªme pays dÃ©tectÃ©es.
Transactions dans le mÃªme pays dÃ©tectÃ©es.
Transactions dans le mÃªme pays dÃ©tectÃ©es.
Transactions dans le mÃªme pays dÃ©tectÃ©es.
Transactions dans le mÃªme pays dÃ©tectÃ©es.
Transactions dans le mÃªme pays dÃ©tectÃ©es.
Transactions dans le mÃªme pays dÃ©tectÃ©es.
Transactions dans le mÃªme pays dÃ©tectÃ©es.
Transactions dans le mÃªme pays dÃ©tectÃ©es.
Transactions dans le mÃªme pays dÃ©tectÃ©es.
Transactions dans le mÃªme pays dÃ©tectÃ©es.
Transactions dans le mÃªme pays dÃ©tectÃ©es.
Transactions dans le mÃªme pays dÃ©tectÃ©es.
Transactions dans le mÃªme pays dÃ©tectÃ©es.
Transactions dans le mÃªme pays dÃ©tectÃ©es.
Transactions dans le mÃªme pays dÃ©tectÃ©es.
Transactions dans le mÃªme pays dÃ©tectÃ©es.
Transactions dans le mÃªme pays dÃ©tectÃ©es.
Transactions dans le mÃªme pays dÃ©tectÃ©es.
Transactions dans le mÃªme pays dÃ©tectÃ©es.
Transactions dans le mÃªme pays dÃ©tectÃ©es.
Transactions dans le mÃªme pays dÃ©tectÃ©es.
Transactions dans le mÃªme pays dÃ©tectÃ©es.
Transactions dans le mÃªme pays dÃ©tectÃ©es.
Transactions dans le mÃªme pays dÃ©tectÃ©es.
Transactions dans le mÃªme pays dÃ©tectÃ©es.
Transactions dans le mÃªme pays dÃ©tectÃ©es.
Transactions dans le mÃªme pays dÃ©tectÃ©es.
Transactions dans le mÃªme pays dÃ©tectÃ©es.
Transactions dans le mÃªme pays dÃ©tectÃ©es.
Transactions dans le mÃªme pays dÃ©tectÃ©es.
Transactions dans le mÃªme pays dÃ©tectÃ©es.
Transactions dans le mÃªme pays dÃ©tectÃ©es.
Transactions dans le mÃªme pays dÃ©tectÃ©es.
Transactions dans le mÃªme pays dÃ©tectÃ©es.
Transactions dans le mÃªme pays dÃ©tectÃ©es.
Transactions dans le mÃªme pays dÃ©tectÃ©es.
Transactions dans le mÃªme pays dÃ©tectÃ©es.
Transactions dans le mÃªme pays dÃ©tectÃ©es.
Transactions dans le mÃªme pays dÃ©tectÃ©es.
Transactions dans le mÃªme pays dÃ©tectÃ©es.
Transactions dans le mÃªme pays dÃ©tectÃ©es.
Transactions dans le mÃªme pays dÃ©tectÃ©es.
Transactions dans le mÃªme pays dÃ©tectÃ©es.
Transactions dans le mÃªme pays dÃ©tectÃ©es.
Transactions dans le mÃªme pays dÃ©tectÃ©es.
Transactions dans le mÃªme pays dÃ©tectÃ©es.
Transactions dans le mÃªme pays dÃ©tectÃ©es.
Transactions dans le mÃªme pays dÃ©tectÃ©es.
Transactions dans le mÃªme pays dÃ©tectÃ©es.
Transactions dans le mÃªme pays dÃ©tectÃ©es.
Transactions dans le mÃªme pays dÃ©tectÃ©es.
Transactions dans le mÃªme pays dÃ©tectÃ©es.
Transactions dans le mÃªme pays dÃ©tectÃ©es.
Transactions dans le mÃªme pays dÃ©tectÃ©es.
Transactions dans le mÃªme pays dÃ©tectÃ©es.
Transactions dans le mÃªme pays dÃ©tectÃ©es.
Transactions dans le mÃªme pays dÃ©tectÃ©es.
Transactions dans le mÃªme pays dÃ©tectÃ©es.
Transactions dans le mÃªme pays dÃ©tectÃ©es.
Transactions dans le mÃªme pays dÃ©tectÃ©es.
Transactions dans le mÃªme pays dÃ©tectÃ©es.
Transactions dans le mÃªme pays dÃ©tectÃ©es.
Transactions dans le mÃªme pays dÃ©tectÃ©es.
Transactions dans le mÃªme pays dÃ©tectÃ©es.
Transactions dans le mÃªme pays dÃ©tectÃ©es.
Transactions dans le mÃªme pays dÃ©tectÃ©es.
Transactions dans le mÃªme pays dÃ©tectÃ©es.
Transactions dans le mÃªme pays dÃ©tectÃ©es.
Transactions dans le mÃªme pays dÃ©tectÃ©es.
Transactions dans le mÃªme pays dÃ©tectÃ©es.
Transactions dans le mÃªme pays dÃ©tectÃ©es.
Transactions dans le mÃªme pays dÃ©tectÃ©es.
Transactions dans le mÃªme pays dÃ©tectÃ©es.
Transactions dans le mÃªme pays dÃ©tectÃ©es.
Transactions dans le mÃªme pays dÃ©tectÃ©es.
Transactions dans le mÃªme pays dÃ©tectÃ©es.
Transactions dans le mÃªme pays dÃ©tectÃ©es.
Transactions dans le mÃªme pays dÃ©tectÃ©es.
Transactions dans le mÃªme pays dÃ©tectÃ©es.
Transactions dans le mÃªme pays dÃ©tectÃ©es.
Transactions dans le mÃªme pays dÃ©tectÃ©es.
Transactions dans le mÃªme pays dÃ©tectÃ©es.
Transactions dans le mÃªme pays dÃ©tectÃ©es.
Transactions dans le mÃªme pays dÃ©tectÃ©es.
Transactions dans le mÃªme pays dÃ©tectÃ©es.
Transactions dans le mÃªme pays dÃ©tectÃ©es.
Transactions dans le mÃªme pays dÃ©tectÃ©es.
Transactions dans le mÃªme pays dÃ©tectÃ©es.
Transactions dans le mÃªme pays dÃ©tectÃ©es.
Transactions dans le mÃªme pays dÃ©tectÃ©es.
Transactions dans le mÃªme pays dÃ©tectÃ©es.
Transactions dans le mÃªme pays dÃ©tectÃ©es.
Transactions dans le mÃªme pays dÃ©tectÃ©es.
Transactions dans le mÃªme pays dÃ©tectÃ©es.
Transactions dans le mÃªme pays dÃ©tectÃ©es.
Transactions dans le mÃªme pays dÃ©tectÃ©es.
Transactions dans le mÃªme pays dÃ©tectÃ©es.
Transactions dans le mÃªme pays dÃ©tectÃ©es.
Transactions dans le mÃªme pays dÃ©tectÃ©es.
Transactions dans le mÃªme pays dÃ©tectÃ©es.
Transactions dans le mÃªme pays dÃ©tectÃ©es.
Transactions dans le mÃªme pays dÃ©tectÃ©es.
Transactions dans le mÃªme pays dÃ©tectÃ©es.
Transactions dans le mÃªme pays dÃ©tectÃ©es.
Transactions dans le mÃªme pays dÃ©tectÃ©es.
Transactions dans le mÃªme pays dÃ©tectÃ©es.
Transactions dans le mÃªme pays dÃ©tectÃ©es.
Transactions dans le mÃªme pays dÃ©tectÃ©es.
Transactions dans le mÃªme pays dÃ©tectÃ©es.
Transactions dans le mÃªme pays dÃ©tectÃ©es.
Transactions dans le mÃªme pays dÃ©tectÃ©es.
Transactions dans le mÃªme pays dÃ©tectÃ©es.
Transactions dans le mÃªme pays dÃ©tectÃ©es.
Transactions dans le mÃªme pays dÃ©tectÃ©es.
Transactions dans le mÃªme pays dÃ©tectÃ©es.
Transactions dans le mÃªme pays dÃ©tectÃ©es.
Transactions dans le mÃªme pays dÃ©tectÃ©es.
Transactions dans le mÃªme pays dÃ©tectÃ©es.
Pays avec au moins deux transactions dÃ©tectÃ© : FR
Pays avec au moins deux transactions dÃ©tectÃ© : FR
Pays avec au moins deux transactions dÃ©tectÃ© : FR
Pays avec au moins deux transactions dÃ©tectÃ© : FR
Pays avec au moins deux transactions dÃ©tectÃ© : FR
Pays avec au moins deux transactions dÃ©tectÃ© : FR
Pays avec au moins deux transactions dÃ©tectÃ© : FR
Pays avec au moins deux transactions dÃ©tectÃ© : FR
Pays avec au moins deux transactions dÃ©tectÃ© : FR
Pays avec au moins deux transactions dÃ©tectÃ© : FR
Pays avec au moins deux transactions dÃ©tectÃ© : FR
Pays avec au moins deux transactions dÃ©tectÃ© : FR
Pays avec au moins deux transactions dÃ©tectÃ© : FR
Pays avec au moins deux transactions dÃ©tectÃ© : FR
Pays avec au moins deux transactions dÃ©tectÃ© : FR
Pays avec au moins deux transactions dÃ©tectÃ© : FR
Pays avec au moins deux transactions dÃ©tectÃ© : FR
Pays avec au moins deux transactions dÃ©tectÃ© : FR
Pays avec au moins deux transactions dÃ©tectÃ© : FR
Pays avec au moins deux transactions dÃ©tectÃ© : FR
Pays avec au moins deux transactions dÃ©tectÃ© : FR
Pays avec au moins deux transactions dÃ©tectÃ© : FR
Pays avec au moins deux transactions dÃ©tectÃ© : FR
Pays avec au moins deux transactions dÃ©tectÃ© : FR
Pays avec au moins deux transactions dÃ©tectÃ© : FR
Pays avec au moins deux transactions dÃ©tectÃ© : FR
Pays avec au moins deux transactions dÃ©tectÃ© : FR
Pays avec au moins deux transactions dÃ©tectÃ© : FR
Pays avec au moins deux transactions dÃ©tectÃ© : FR
Pays avec au moins deux transactions dÃ©tectÃ© : FR
Pays avec au moins deux transactions dÃ©tectÃ© : FR
Pays avec au moins deux transactions dÃ©tectÃ© : FR
Pays avec au moins deux transactions dÃ©tectÃ© : FR
Pays avec au moins deux transactions dÃ©tectÃ© : FR
Pays avec au moins deux transactions dÃ©tectÃ© : FR
Pays avec au moins deux transactions dÃ©tectÃ© : FR
Pays avec au moins deux transactions dÃ©tectÃ© : FR
Pays avec au moins deux transactions dÃ©tectÃ© : FR
Pays avec au moins deux transactions dÃ©tectÃ© : FR
Pays avec au moins deux transactions dÃ©tectÃ© : FR
Pays avec au moins deux transactions dÃ©tectÃ© : FR
Pays avec au moins deux transactions dÃ©tectÃ© : FR
Pays avec au moins deux transactions dÃ©tectÃ© : FR
Pays avec au moins deux transactions dÃ©tectÃ© : FR
Pays avec au moins deux transactions dÃ©tectÃ© : FR
Pays avec au moins deux transactions dÃ©tectÃ© : FR
Pays avec au moins deux transactions dÃ©tectÃ© : FR
Pays avec au moins deux transactions dÃ©tectÃ© : FR
Pays avec au moins deux transactions dÃ©tectÃ© : FR
Pays avec au moins deux transactions dÃ©tectÃ© : FR
Pays avec au moins deux transactions dÃ©tectÃ© : FR
Pays avec au moins deux transactions dÃ©tectÃ© : FR
Pays avec au moins deux transactions dÃ©tectÃ© : FR
Pays avec au moins deux transactions dÃ©tectÃ© : FR
Pays avec au moins deux transactions dÃ©tectÃ© : FR
Pays avec au moins deux transactions dÃ©tectÃ© : FR
Pays avec au moins deux transactions dÃ©tectÃ© : FR
Pays avec au moins deux transactions dÃ©tectÃ© : FR
Pays avec au moins deux transactions dÃ©tectÃ© : FR
Pays avec au moins deux transactions dÃ©tectÃ© : FR
Pays avec au moins deux transactions dÃ©tectÃ© : FR
Pays avec au moins deux transactions dÃ©tectÃ© : FR
Pays avec au moins deux transactions dÃ©tectÃ© : FR
Pays avec au moins deux transactions dÃ©tectÃ© : FR
Pays avec au moins deux transactions dÃ©tectÃ© : FR
Pays avec au moins deux transactions dÃ©tectÃ© : FR
Pays avec au moins deux transactions dÃ©tectÃ© : FR
Pays avec au moins deux transactions dÃ©tectÃ© : FR
Pays avec au moins deux transactions dÃ©tectÃ© : FR
Pays avec au moins deux transactions dÃ©tectÃ© : FR
Pays avec au moins deux transactions dÃ©tectÃ© : FR
Pays avec au moins deux transactions dÃ©tectÃ© : FR
Pays avec au moins deux transactions dÃ©tectÃ© : FR
Pays avec au moins deux transactions dÃ©tectÃ© : FR
Pays avec au moins deux transactions dÃ©tectÃ© : FR
Pays avec au moins deux transactions dÃ©tectÃ© : FR
Pays avec au moins deux transactions dÃ©tectÃ© : FR
Pays avec au moins deux transactions dÃ©tectÃ© : FR
Pays avec au moins deux transactions dÃ©tectÃ© : FR
Pays avec au moins deux transactions dÃ©tectÃ© : FR
Pays avec au moins deux transactions dÃ©tectÃ© : FR
Pays avec au moins deux transactions dÃ©tectÃ© : FR
Pays avec au moins deux transactions dÃ©tectÃ© : FR
Pays avec au moins deux transactions dÃ©tectÃ© : FR
Pays avec au moins deux transactions dÃ©tectÃ© : FR
Pays avec au moins deux transactions dÃ©tectÃ© : FR
Pays avec au moins deux transactions dÃ©tectÃ© : FR
Pays avec au moins deux transactions dÃ©tectÃ© : FR
Pays avec au moins deux transactions dÃ©tectÃ© : FR
Pays avec au moins deux transactions dÃ©tectÃ© : FR
Pays avec au moins deux transactions dÃ©tectÃ© : FR
Pays avec au moins deux transactions dÃ©tectÃ© : FR
Pays avec au moins deux transactions dÃ©tectÃ© : FR
Pays avec au moins deux transactions dÃ©tectÃ© : FR
Pays avec au moins deux transactions dÃ©tectÃ© : FR
Pays avec au moins deux transactions dÃ©tectÃ© : FR
Pays avec au moins deux transactions dÃ©tectÃ© : FR
Pays avec au moins deux transactions dÃ©tectÃ© : FR
Pays avec au moins deux transactions dÃ©tectÃ© : FR
Pays avec au moins deux transactions dÃ©tectÃ© : FR
Temps version inefficace: 500 ms
Temps version optimisÃ©e : 98 ms
]]></system-out>
    <system-err><![CDATA[SLF4J: Failed to load class "org.slf4j.impl.StaticLoggerBinder".
SLF4J: Defaulting to no-operation (NOP) logger implementation
SLF4J: See http://www.slf4j.org/codes.html#StaticLoggerBinder for further details.
]]></system-err>
  </testcase>
</testsuite>